[2018-12-20 16:12:22.006][debug][command:null][tid:01][com.google.common.util.concurrent.ServiceManager] Starting HangMonitor [RUNNING].
[2018-12-20 16:12:22.228][debug][command:null][tid:01][com.google.common.util.concurrent.ServiceManager] Started HangMonitor [RUNNING] in 242.1 ms.
[2018-12-20 16:12:22.401][info ][command:null][tid:01][com.facebook.buck.cli.Main] enabling background process killing for buckd
[2018-12-20 16:12:22.417][info ][command:null][tid:01][com.facebook.buck.cli.Main] enabled background process killing for buckd
[2018-12-20 16:12:22.419][info ][command:null][tid:01][com.facebook.buck.cli.Main] initialized bg session killer
[2018-12-20 16:12:22.733][debug][command:null][tid:14][com.facebook.nailgun.NGSession] NGSession 1 is waiting for first client to connect
[2018-12-20 16:12:22.734][debug][command:null][tid:14][com.facebook.nailgun.NGSession] NGSession 1 accepted new connection
[2018-12-20 16:12:22.748][debug][command:null][tid:15][com.facebook.nailgun.NGCommunicator] Orchestrator thread started
[2018-12-20 16:12:22.781][debug][command:null][tid:14][com.facebook.buck.util.config.Configs] Loading configuration for /home/emendoza/CppProjects/Buck/buckaroo-deps/Box2D
[2018-12-20 16:12:22.833][debug][command:null][tid:14][com.facebook.buck.util.config.Configs] Loaded project configuration file /home/emendoza/CppProjects/Buck/buckaroo-deps/Box2D/.buckconfig
[2018-12-20 16:12:22.836][debug][command:null][tid:14][com.facebook.buck.util.config.Configs] Adding configuration overrides RawConfig{values={}}
[2018-12-20 16:12:22.886][info ][command:null][tid:14][org.pf4j.DefaultPluginStatusProvider] Enabled plugins: []
[2018-12-20 16:12:22.886][info ][command:null][tid:14][org.pf4j.DefaultPluginStatusProvider] Disabled plugins: []
[2018-12-20 16:12:22.889][info ][command:null][tid:14][org.pf4j.DefaultPluginManager] PF4J version 0.0.0 in 'deployment' mode
[2018-12-20 16:12:22.923][debug][command:null][tid:14][org.pf4j.AbstractPluginManager] Lookup plugins in '/home/emendoza/CppProjects/Buck/buckaroo-deps/Box2D/.buckd/resources/HEAD-fdbf043/buck-modules'
[2018-12-20 16:12:22.927][debug][command:null][tid:14][org.pf4j.AbstractPluginManager] Found 16 possible plugins: [/home/emendoza/CppProjects/Buck/buckaroo-deps/Box2D/.buckd/resources/HEAD-fdbf043/buck-modules/d.jar, /home/emendoza/CppProjects/Buck/buckaroo-deps/Box2D/.buckd/resources/HEAD-fdbf043/buck-modules/filebundler.jar, /home/emendoza/CppProjects/Buck/buckaroo-deps/Box2D/.buckd/resources/HEAD-fdbf043/buck-modules/ziprules.jar, /home/emendoza/CppProjects/Buck/buckaroo-deps/Box2D/.buckd/resources/HEAD-fdbf043/buck-modules/halide.jar, /home/emendoza/CppProjects/Buck/buckaroo-deps/Box2D/.buckd/resources/HEAD-fdbf043/buck-modules/filegroup.jar, /home/emendoza/CppProjects/Buck/buckaroo-deps/Box2D/.buckd/resources/HEAD-fdbf043/buck-modules/go.jar, /home/emendoza/CppProjects/Buck/buckaroo-deps/Box2D/.buckd/resources/HEAD-fdbf043/buck-modules/dotnet.jar, /home/emendoza/CppProjects/Buck/buckaroo-deps/Box2D/.buckd/resources/HEAD-fdbf043/buck-modules/intellij.jar, /home/emendoza/CppProjects/Buck/buckaroo-deps/Box2D/.buckd/resources/HEAD-fdbf043/buck-modules/gwt.jar, /home/emendoza/CppProjects/Buck/buckaroo-deps/Box2D/.buckd/resources/HEAD-fdbf043/buck-modules/python.jar, /home/emendoza/CppProjects/Buck/buckaroo-deps/Box2D/.buckd/resources/HEAD-fdbf043/buck-modules/haskell.jar, /home/emendoza/CppProjects/Buck/buckaroo-deps/Box2D/.buckd/resources/HEAD-fdbf043/buck-modules/ocaml.jar, /home/emendoza/CppProjects/Buck/buckaroo-deps/Box2D/.buckd/resources/HEAD-fdbf043/buck-modules/js.jar, /home/emendoza/CppProjects/Buck/buckaroo-deps/Box2D/.buckd/resources/HEAD-fdbf043/buck-modules/rust.jar, /home/emendoza/CppProjects/Buck/buckaroo-deps/Box2D/.buckd/resources/HEAD-fdbf043/buck-modules/xcode.jar, /home/emendoza/CppProjects/Buck/buckaroo-deps/Box2D/.buckd/resources/HEAD-fdbf043/buck-modules/lua.jar]
[2018-12-20 16:12:22.928][debug][command:null][tid:14][org.pf4j.AbstractPluginManager] Use 'org.pf4j.CompoundPluginDescriptorFinder@6db65b7d' to find plugins descriptors
[2018-12-20 16:12:22.929][debug][command:null][tid:14][org.pf4j.AbstractPluginManager] Finding plugin descriptor for plugin '/home/emendoza/CppProjects/Buck/buckaroo-deps/Box2D/.buckd/resources/HEAD-fdbf043/buck-modules/d.jar'
[2018-12-20 16:12:22.930][debug][command:null][tid:14][org.pf4j.CompoundPluginDescriptorFinder] 'org.pf4j.ManifestPluginDescriptorFinder@24f75cf' is applicable for plugin '/home/emendoza/CppProjects/Buck/buckaroo-deps/Box2D/.buckd/resources/HEAD-fdbf043/buck-modules/d.jar'
[2018-12-20 16:12:22.932][debug][command:null][tid:14][org.pf4j.AbstractPluginManager] Found descriptor PluginDescriptor [pluginId=com.facebook.buck.features.d, pluginClass=com.facebook.buck.features.d.DModuleAdapterPlugin, version=0.0.1, provider=null, dependencies=[], description=, requires=*, license=null]
[2018-12-20 16:12:22.933][debug][command:null][tid:14][org.pf4j.AbstractPluginManager] Class 'com.facebook.buck.features.d.DModuleAdapterPlugin' for plugin '/home/emendoza/CppProjects/Buck/buckaroo-deps/Box2D/.buckd/resources/HEAD-fdbf043/buck-modules/d.jar'
[2018-12-20 16:12:22.933][debug][command:null][tid:14][org.pf4j.AbstractPluginManager] Loading plugin '/home/emendoza/CppProjects/Buck/buckaroo-deps/Box2D/.buckd/resources/HEAD-fdbf043/buck-modules/d.jar'
[2018-12-20 16:12:22.934][debug][command:null][tid:14][org.pf4j.PluginClassLoader] Add 'file:/home/emendoza/CppProjects/Buck/buckaroo-deps/Box2D/.buckd/resources/HEAD-fdbf043/buck-modules/d.jar'
[2018-12-20 16:12:22.935][debug][command:null][tid:14][org.pf4j.AbstractPluginManager] Loaded plugin '/home/emendoza/CppProjects/Buck/buckaroo-deps/Box2D/.buckd/resources/HEAD-fdbf043/buck-modules/d.jar' with class loader 'org.pf4j.PluginClassLoader@54ac4112'
[2018-12-20 16:12:22.935][debug][command:null][tid:14][org.pf4j.AbstractPluginManager] Creating wrapper for plugin '/home/emendoza/CppProjects/Buck/buckaroo-deps/Box2D/.buckd/resources/HEAD-fdbf043/buck-modules/d.jar'
[2018-12-20 16:12:22.936][debug][command:null][tid:14][org.pf4j.AbstractPluginManager] Created wrapper 'PluginWrapper [descriptor=PluginDescriptor [pluginId=com.facebook.buck.features.d, pluginClass=com.facebook.buck.features.d.DModuleAdapterPlugin, version=0.0.1, provider=null, dependencies=[], description=, requires=*, license=null], pluginPath=/home/emendoza/CppProjects/Buck/buckaroo-deps/Box2D/.buckd/resources/HEAD-fdbf043/buck-modules/d.jar]' for plugin '/home/emendoza/CppProjects/Buck/buckaroo-deps/Box2D/.buckd/resources/HEAD-fdbf043/buck-modules/d.jar'
[2018-12-20 16:12:22.937][debug][command:null][tid:14][org.pf4j.AbstractPluginManager] Use 'org.pf4j.CompoundPluginDescriptorFinder@6db65b7d' to find plugins descriptors
[2018-12-20 16:12:22.938][debug][command:null][tid:14][org.pf4j.AbstractPluginManager] Finding plugin descriptor for plugin '/home/emendoza/CppProjects/Buck/buckaroo-deps/Box2D/.buckd/resources/HEAD-fdbf043/buck-modules/filebundler.jar'
[2018-12-20 16:12:22.938][debug][command:null][tid:14][org.pf4j.CompoundPluginDescriptorFinder] 'org.pf4j.ManifestPluginDescriptorFinder@24f75cf' is applicable for plugin '/home/emendoza/CppProjects/Buck/buckaroo-deps/Box2D/.buckd/resources/HEAD-fdbf043/buck-modules/filebundler.jar'
[2018-12-20 16:12:22.939][debug][command:null][tid:14][org.pf4j.AbstractPluginManager] Found descriptor PluginDescriptor [pluginId=com.facebook.buck.features.filebundler, pluginClass=com.facebook.buck.features.filebundler.FileBundlerModuleAdapterPlugin, version=0.0.1, provider=null, dependencies=[], description=, requires=*, license=null]
[2018-12-20 16:12:22.940][debug][command:null][tid:14][org.pf4j.AbstractPluginManager] Class 'com.facebook.buck.features.filebundler.FileBundlerModuleAdapterPlugin' for plugin '/home/emendoza/CppProjects/Buck/buckaroo-deps/Box2D/.buckd/resources/HEAD-fdbf043/buck-modules/filebundler.jar'
[2018-12-20 16:12:22.940][debug][command:null][tid:14][org.pf4j.AbstractPluginManager] Loading plugin '/home/emendoza/CppProjects/Buck/buckaroo-deps/Box2D/.buckd/resources/HEAD-fdbf043/buck-modules/filebundler.jar'
[2018-12-20 16:12:22.941][debug][command:null][tid:14][org.pf4j.PluginClassLoader] Add 'file:/home/emendoza/CppProjects/Buck/buckaroo-deps/Box2D/.buckd/resources/HEAD-fdbf043/buck-modules/filebundler.jar'
[2018-12-20 16:12:22.941][debug][command:null][tid:14][org.pf4j.AbstractPluginManager] Loaded plugin '/home/emendoza/CppProjects/Buck/buckaroo-deps/Box2D/.buckd/resources/HEAD-fdbf043/buck-modules/filebundler.jar' with class loader 'org.pf4j.PluginClassLoader@21046fa0'
[2018-12-20 16:12:22.942][debug][command:null][tid:14][org.pf4j.AbstractPluginManager] Creating wrapper for plugin '/home/emendoza/CppProjects/Buck/buckaroo-deps/Box2D/.buckd/resources/HEAD-fdbf043/buck-modules/filebundler.jar'
[2018-12-20 16:12:22.942][debug][command:null][tid:14][org.pf4j.AbstractPluginManager] Created wrapper 'PluginWrapper [descriptor=PluginDescriptor [pluginId=com.facebook.buck.features.filebundler, pluginClass=com.facebook.buck.features.filebundler.FileBundlerModuleAdapterPlugin, version=0.0.1, provider=null, dependencies=[], description=, requires=*, license=null], pluginPath=/home/emendoza/CppProjects/Buck/buckaroo-deps/Box2D/.buckd/resources/HEAD-fdbf043/buck-modules/filebundler.jar]' for plugin '/home/emendoza/CppProjects/Buck/buckaroo-deps/Box2D/.buckd/resources/HEAD-fdbf043/buck-modules/filebundler.jar'
[2018-12-20 16:12:22.943][debug][command:null][tid:14][org.pf4j.AbstractPluginManager] Use 'org.pf4j.CompoundPluginDescriptorFinder@6db65b7d' to find plugins descriptors
[2018-12-20 16:12:22.943][debug][command:null][tid:14][org.pf4j.AbstractPluginManager] Finding plugin descriptor for plugin '/home/emendoza/CppProjects/Buck/buckaroo-deps/Box2D/.buckd/resources/HEAD-fdbf043/buck-modules/ziprules.jar'
[2018-12-20 16:12:22.944][debug][command:null][tid:14][org.pf4j.CompoundPluginDescriptorFinder] 'org.pf4j.ManifestPluginDescriptorFinder@24f75cf' is applicable for plugin '/home/emendoza/CppProjects/Buck/buckaroo-deps/Box2D/.buckd/resources/HEAD-fdbf043/buck-modules/ziprules.jar'
[2018-12-20 16:12:22.946][debug][command:null][tid:14][org.pf4j.AbstractPluginManager] Found descriptor PluginDescriptor [pluginId=com.facebook.buck.features.zip.rules, pluginClass=com.facebook.buck.features.zip.rules.ZipRulesModuleAdapterPlugin, version=0.0.1, provider=null, dependencies=[PluginDependency [pluginId=com.facebook.buck.features.filebundler, pluginVersionSupport=*]], description=, requires=*, license=null]
[2018-12-20 16:12:22.946][debug][command:null][tid:14][org.pf4j.AbstractPluginManager] Class 'com.facebook.buck.features.zip.rules.ZipRulesModuleAdapterPlugin' for plugin '/home/emendoza/CppProjects/Buck/buckaroo-deps/Box2D/.buckd/resources/HEAD-fdbf043/buck-modules/ziprules.jar'
[2018-12-20 16:12:22.947][debug][command:null][tid:14][org.pf4j.AbstractPluginManager] Loading plugin '/home/emendoza/CppProjects/Buck/buckaroo-deps/Box2D/.buckd/resources/HEAD-fdbf043/buck-modules/ziprules.jar'
[2018-12-20 16:12:22.947][debug][command:null][tid:14][org.pf4j.PluginClassLoader] Add 'file:/home/emendoza/CppProjects/Buck/buckaroo-deps/Box2D/.buckd/resources/HEAD-fdbf043/buck-modules/ziprules.jar'
[2018-12-20 16:12:22.948][debug][command:null][tid:14][org.pf4j.AbstractPluginManager] Loaded plugin '/home/emendoza/CppProjects/Buck/buckaroo-deps/Box2D/.buckd/resources/HEAD-fdbf043/buck-modules/ziprules.jar' with class loader 'org.pf4j.PluginClassLoader@1b181ca2'
[2018-12-20 16:12:22.948][debug][command:null][tid:14][org.pf4j.AbstractPluginManager] Creating wrapper for plugin '/home/emendoza/CppProjects/Buck/buckaroo-deps/Box2D/.buckd/resources/HEAD-fdbf043/buck-modules/ziprules.jar'
[2018-12-20 16:12:22.948][debug][command:null][tid:14][org.pf4j.AbstractPluginManager] Created wrapper 'PluginWrapper [descriptor=PluginDescriptor [pluginId=com.facebook.buck.features.zip.rules, pluginClass=com.facebook.buck.features.zip.rules.ZipRulesModuleAdapterPlugin, version=0.0.1, provider=null, dependencies=[PluginDependency [pluginId=com.facebook.buck.features.filebundler, pluginVersionSupport=*]], description=, requires=*, license=null], pluginPath=/home/emendoza/CppProjects/Buck/buckaroo-deps/Box2D/.buckd/resources/HEAD-fdbf043/buck-modules/ziprules.jar]' for plugin '/home/emendoza/CppProjects/Buck/buckaroo-deps/Box2D/.buckd/resources/HEAD-fdbf043/buck-modules/ziprules.jar'
[2018-12-20 16:12:22.949][debug][command:null][tid:14][org.pf4j.AbstractPluginManager] Use 'org.pf4j.CompoundPluginDescriptorFinder@6db65b7d' to find plugins descriptors
[2018-12-20 16:12:22.949][debug][command:null][tid:14][org.pf4j.AbstractPluginManager] Finding plugin descriptor for plugin '/home/emendoza/CppProjects/Buck/buckaroo-deps/Box2D/.buckd/resources/HEAD-fdbf043/buck-modules/halide.jar'
[2018-12-20 16:12:22.950][debug][command:null][tid:14][org.pf4j.CompoundPluginDescriptorFinder] 'org.pf4j.ManifestPluginDescriptorFinder@24f75cf' is applicable for plugin '/home/emendoza/CppProjects/Buck/buckaroo-deps/Box2D/.buckd/resources/HEAD-fdbf043/buck-modules/halide.jar'
[2018-12-20 16:12:22.951][debug][command:null][tid:14][org.pf4j.AbstractPluginManager] Found descriptor PluginDescriptor [pluginId=com.facebook.buck.features.halide, pluginClass=com.facebook.buck.features.halide.HalideModuleAdapterPlugin, version=0.0.1, provider=null, dependencies=[], description=, requires=*, license=null]
[2018-12-20 16:12:22.951][debug][command:null][tid:14][org.pf4j.AbstractPluginManager] Class 'com.facebook.buck.features.halide.HalideModuleAdapterPlugin' for plugin '/home/emendoza/CppProjects/Buck/buckaroo-deps/Box2D/.buckd/resources/HEAD-fdbf043/buck-modules/halide.jar'
[2018-12-20 16:12:22.951][debug][command:null][tid:14][org.pf4j.AbstractPluginManager] Loading plugin '/home/emendoza/CppProjects/Buck/buckaroo-deps/Box2D/.buckd/resources/HEAD-fdbf043/buck-modules/halide.jar'
[2018-12-20 16:12:22.952][debug][command:null][tid:14][org.pf4j.PluginClassLoader] Add 'file:/home/emendoza/CppProjects/Buck/buckaroo-deps/Box2D/.buckd/resources/HEAD-fdbf043/buck-modules/halide.jar'
[2018-12-20 16:12:22.952][debug][command:null][tid:14][org.pf4j.AbstractPluginManager] Loaded plugin '/home/emendoza/CppProjects/Buck/buckaroo-deps/Box2D/.buckd/resources/HEAD-fdbf043/buck-modules/halide.jar' with class loader 'org.pf4j.PluginClassLoader@719c1bba'
[2018-12-20 16:12:22.953][debug][command:null][tid:14][org.pf4j.AbstractPluginManager] Creating wrapper for plugin '/home/emendoza/CppProjects/Buck/buckaroo-deps/Box2D/.buckd/resources/HEAD-fdbf043/buck-modules/halide.jar'
[2018-12-20 16:12:22.953][debug][command:null][tid:14][org.pf4j.AbstractPluginManager] Created wrapper 'PluginWrapper [descriptor=PluginDescriptor [pluginId=com.facebook.buck.features.halide, pluginClass=com.facebook.buck.features.halide.HalideModuleAdapterPlugin, version=0.0.1, provider=null, dependencies=[], description=, requires=*, license=null], pluginPath=/home/emendoza/CppProjects/Buck/buckaroo-deps/Box2D/.buckd/resources/HEAD-fdbf043/buck-modules/halide.jar]' for plugin '/home/emendoza/CppProjects/Buck/buckaroo-deps/Box2D/.buckd/resources/HEAD-fdbf043/buck-modules/halide.jar'
[2018-12-20 16:12:22.954][debug][command:null][tid:14][org.pf4j.AbstractPluginManager] Use 'org.pf4j.CompoundPluginDescriptorFinder@6db65b7d' to find plugins descriptors
[2018-12-20 16:12:22.954][debug][command:null][tid:14][org.pf4j.AbstractPluginManager] Finding plugin descriptor for plugin '/home/emendoza/CppProjects/Buck/buckaroo-deps/Box2D/.buckd/resources/HEAD-fdbf043/buck-modules/filegroup.jar'
[2018-12-20 16:12:22.955][debug][command:null][tid:14][org.pf4j.CompoundPluginDescriptorFinder] 'org.pf4j.ManifestPluginDescriptorFinder@24f75cf' is applicable for plugin '/home/emendoza/CppProjects/Buck/buckaroo-deps/Box2D/.buckd/resources/HEAD-fdbf043/buck-modules/filegroup.jar'
[2018-12-20 16:12:22.956][debug][command:null][tid:14][org.pf4j.AbstractPluginManager] Found descriptor PluginDescriptor [pluginId=com.facebook.buck.features.filegroup, pluginClass=com.facebook.buck.features.filegroup.FilegroupModuleAdapterPlugin, version=0.0.1, provider=null, dependencies=[PluginDependency [pluginId=com.facebook.buck.features.filebundler, pluginVersionSupport=*]], description=, requires=*, license=null]
[2018-12-20 16:12:22.956][debug][command:null][tid:14][org.pf4j.AbstractPluginManager] Class 'com.facebook.buck.features.filegroup.FilegroupModuleAdapterPlugin' for plugin '/home/emendoza/CppProjects/Buck/buckaroo-deps/Box2D/.buckd/resources/HEAD-fdbf043/buck-modules/filegroup.jar'
[2018-12-20 16:12:22.957][debug][command:null][tid:14][org.pf4j.AbstractPluginManager] Loading plugin '/home/emendoza/CppProjects/Buck/buckaroo-deps/Box2D/.buckd/resources/HEAD-fdbf043/buck-modules/filegroup.jar'
[2018-12-20 16:12:22.957][debug][command:null][tid:14][org.pf4j.PluginClassLoader] Add 'file:/home/emendoza/CppProjects/Buck/buckaroo-deps/Box2D/.buckd/resources/HEAD-fdbf043/buck-modules/filegroup.jar'
[2018-12-20 16:12:22.958][debug][command:null][tid:14][org.pf4j.AbstractPluginManager] Loaded plugin '/home/emendoza/CppProjects/Buck/buckaroo-deps/Box2D/.buckd/resources/HEAD-fdbf043/buck-modules/filegroup.jar' with class loader 'org.pf4j.PluginClassLoader@559a3abc'
[2018-12-20 16:12:22.958][debug][command:null][tid:14][org.pf4j.AbstractPluginManager] Creating wrapper for plugin '/home/emendoza/CppProjects/Buck/buckaroo-deps/Box2D/.buckd/resources/HEAD-fdbf043/buck-modules/filegroup.jar'
[2018-12-20 16:12:22.958][debug][command:null][tid:14][org.pf4j.AbstractPluginManager] Created wrapper 'PluginWrapper [descriptor=PluginDescriptor [pluginId=com.facebook.buck.features.filegroup, pluginClass=com.facebook.buck.features.filegroup.FilegroupModuleAdapterPlugin, version=0.0.1, provider=null, dependencies=[PluginDependency [pluginId=com.facebook.buck.features.filebundler, pluginVersionSupport=*]], description=, requires=*, license=null], pluginPath=/home/emendoza/CppProjects/Buck/buckaroo-deps/Box2D/.buckd/resources/HEAD-fdbf043/buck-modules/filegroup.jar]' for plugin '/home/emendoza/CppProjects/Buck/buckaroo-deps/Box2D/.buckd/resources/HEAD-fdbf043/buck-modules/filegroup.jar'
[2018-12-20 16:12:22.959][debug][command:null][tid:14][org.pf4j.AbstractPluginManager] Use 'org.pf4j.CompoundPluginDescriptorFinder@6db65b7d' to find plugins descriptors
[2018-12-20 16:12:22.959][debug][command:null][tid:14][org.pf4j.AbstractPluginManager] Finding plugin descriptor for plugin '/home/emendoza/CppProjects/Buck/buckaroo-deps/Box2D/.buckd/resources/HEAD-fdbf043/buck-modules/go.jar'
[2018-12-20 16:12:22.959][debug][command:null][tid:14][org.pf4j.CompoundPluginDescriptorFinder] 'org.pf4j.ManifestPluginDescriptorFinder@24f75cf' is applicable for plugin '/home/emendoza/CppProjects/Buck/buckaroo-deps/Box2D/.buckd/resources/HEAD-fdbf043/buck-modules/go.jar'
[2018-12-20 16:12:22.960][debug][command:null][tid:14][org.pf4j.AbstractPluginManager] Found descriptor PluginDescriptor [pluginId=com.facebook.buck.features.go, pluginClass=com.facebook.buck.features.go.GoModuleAdapterPlugin, version=0.0.1, provider=null, dependencies=[], description=, requires=*, license=null]
[2018-12-20 16:12:22.960][debug][command:null][tid:14][org.pf4j.AbstractPluginManager] Class 'com.facebook.buck.features.go.GoModuleAdapterPlugin' for plugin '/home/emendoza/CppProjects/Buck/buckaroo-deps/Box2D/.buckd/resources/HEAD-fdbf043/buck-modules/go.jar'
[2018-12-20 16:12:22.960][debug][command:null][tid:14][org.pf4j.AbstractPluginManager] Loading plugin '/home/emendoza/CppProjects/Buck/buckaroo-deps/Box2D/.buckd/resources/HEAD-fdbf043/buck-modules/go.jar'
[2018-12-20 16:12:22.961][debug][command:null][tid:14][org.pf4j.PluginClassLoader] Add 'file:/home/emendoza/CppProjects/Buck/buckaroo-deps/Box2D/.buckd/resources/HEAD-fdbf043/buck-modules/go.jar'
[2018-12-20 16:12:22.961][debug][command:null][tid:14][org.pf4j.AbstractPluginManager] Loaded plugin '/home/emendoza/CppProjects/Buck/buckaroo-deps/Box2D/.buckd/resources/HEAD-fdbf043/buck-modules/go.jar' with class loader 'org.pf4j.PluginClassLoader@e275cb8'
[2018-12-20 16:12:22.961][debug][command:null][tid:14][org.pf4j.AbstractPluginManager] Creating wrapper for plugin '/home/emendoza/CppProjects/Buck/buckaroo-deps/Box2D/.buckd/resources/HEAD-fdbf043/buck-modules/go.jar'
[2018-12-20 16:12:22.961][debug][command:null][tid:14][org.pf4j.AbstractPluginManager] Created wrapper 'PluginWrapper [descriptor=PluginDescriptor [pluginId=com.facebook.buck.features.go, pluginClass=com.facebook.buck.features.go.GoModuleAdapterPlugin, version=0.0.1, provider=null, dependencies=[], description=, requires=*, license=null], pluginPath=/home/emendoza/CppProjects/Buck/buckaroo-deps/Box2D/.buckd/resources/HEAD-fdbf043/buck-modules/go.jar]' for plugin '/home/emendoza/CppProjects/Buck/buckaroo-deps/Box2D/.buckd/resources/HEAD-fdbf043/buck-modules/go.jar'
[2018-12-20 16:12:22.962][debug][command:null][tid:14][org.pf4j.AbstractPluginManager] Use 'org.pf4j.CompoundPluginDescriptorFinder@6db65b7d' to find plugins descriptors
[2018-12-20 16:12:22.962][debug][command:null][tid:14][org.pf4j.AbstractPluginManager] Finding plugin descriptor for plugin '/home/emendoza/CppProjects/Buck/buckaroo-deps/Box2D/.buckd/resources/HEAD-fdbf043/buck-modules/dotnet.jar'
[2018-12-20 16:12:22.962][debug][command:null][tid:14][org.pf4j.CompoundPluginDescriptorFinder] 'org.pf4j.ManifestPluginDescriptorFinder@24f75cf' is applicable for plugin '/home/emendoza/CppProjects/Buck/buckaroo-deps/Box2D/.buckd/resources/HEAD-fdbf043/buck-modules/dotnet.jar'
[2018-12-20 16:12:22.963][debug][command:null][tid:14][org.pf4j.AbstractPluginManager] Found descriptor PluginDescriptor [pluginId=com.facebook.buck.features.dotnet, pluginClass=com.facebook.buck.features.dotnet.DotnetModuleAdapterPlugin, version=0.0.1, provider=null, dependencies=[], description=, requires=*, license=null]
[2018-12-20 16:12:22.963][debug][command:null][tid:14][org.pf4j.AbstractPluginManager] Class 'com.facebook.buck.features.dotnet.DotnetModuleAdapterPlugin' for plugin '/home/emendoza/CppProjects/Buck/buckaroo-deps/Box2D/.buckd/resources/HEAD-fdbf043/buck-modules/dotnet.jar'
[2018-12-20 16:12:22.963][debug][command:null][tid:14][org.pf4j.AbstractPluginManager] Loading plugin '/home/emendoza/CppProjects/Buck/buckaroo-deps/Box2D/.buckd/resources/HEAD-fdbf043/buck-modules/dotnet.jar'
[2018-12-20 16:12:22.964][debug][command:null][tid:14][org.pf4j.PluginClassLoader] Add 'file:/home/emendoza/CppProjects/Buck/buckaroo-deps/Box2D/.buckd/resources/HEAD-fdbf043/buck-modules/dotnet.jar'
[2018-12-20 16:12:22.964][debug][command:null][tid:14][org.pf4j.AbstractPluginManager] Loaded plugin '/home/emendoza/CppProjects/Buck/buckaroo-deps/Box2D/.buckd/resources/HEAD-fdbf043/buck-modules/dotnet.jar' with class loader 'org.pf4j.PluginClassLoader@413a1816'
[2018-12-20 16:12:22.964][debug][command:null][tid:14][org.pf4j.AbstractPluginManager] Creating wrapper for plugin '/home/emendoza/CppProjects/Buck/buckaroo-deps/Box2D/.buckd/resources/HEAD-fdbf043/buck-modules/dotnet.jar'
[2018-12-20 16:12:22.964][debug][command:null][tid:14][org.pf4j.AbstractPluginManager] Created wrapper 'PluginWrapper [descriptor=PluginDescriptor [pluginId=com.facebook.buck.features.dotnet, pluginClass=com.facebook.buck.features.dotnet.DotnetModuleAdapterPlugin, version=0.0.1, provider=null, dependencies=[], description=, requires=*, license=null], pluginPath=/home/emendoza/CppProjects/Buck/buckaroo-deps/Box2D/.buckd/resources/HEAD-fdbf043/buck-modules/dotnet.jar]' for plugin '/home/emendoza/CppProjects/Buck/buckaroo-deps/Box2D/.buckd/resources/HEAD-fdbf043/buck-modules/dotnet.jar'
[2018-12-20 16:12:22.965][debug][command:null][tid:14][org.pf4j.AbstractPluginManager] Use 'org.pf4j.CompoundPluginDescriptorFinder@6db65b7d' to find plugins descriptors
[2018-12-20 16:12:22.965][debug][command:null][tid:14][org.pf4j.AbstractPluginManager] Finding plugin descriptor for plugin '/home/emendoza/CppProjects/Buck/buckaroo-deps/Box2D/.buckd/resources/HEAD-fdbf043/buck-modules/intellij.jar'
[2018-12-20 16:12:22.965][debug][command:null][tid:14][org.pf4j.CompoundPluginDescriptorFinder] 'org.pf4j.ManifestPluginDescriptorFinder@24f75cf' is applicable for plugin '/home/emendoza/CppProjects/Buck/buckaroo-deps/Box2D/.buckd/resources/HEAD-fdbf043/buck-modules/intellij.jar'
[2018-12-20 16:12:22.966][debug][command:null][tid:14][org.pf4j.AbstractPluginManager] Found descriptor PluginDescriptor [pluginId=com.facebook.buck.features.project.intellij, pluginClass=com.facebook.buck.features.project.intellij.IjBuckModuleAdapterPlugin, version=0.0.1, provider=null, dependencies=[PluginDependency [pluginId=com.facebook.buck.features.python, pluginVersionSupport=*]], description=, requires=*, license=null]
[2018-12-20 16:12:22.966][debug][command:null][tid:14][org.pf4j.AbstractPluginManager] Class 'com.facebook.buck.features.project.intellij.IjBuckModuleAdapterPlugin' for plugin '/home/emendoza/CppProjects/Buck/buckaroo-deps/Box2D/.buckd/resources/HEAD-fdbf043/buck-modules/intellij.jar'
[2018-12-20 16:12:22.966][debug][command:null][tid:14][org.pf4j.AbstractPluginManager] Loading plugin '/home/emendoza/CppProjects/Buck/buckaroo-deps/Box2D/.buckd/resources/HEAD-fdbf043/buck-modules/intellij.jar'
[2018-12-20 16:12:22.967][debug][command:null][tid:14][org.pf4j.PluginClassLoader] Add 'file:/home/emendoza/CppProjects/Buck/buckaroo-deps/Box2D/.buckd/resources/HEAD-fdbf043/buck-modules/intellij.jar'
[2018-12-20 16:12:22.967][debug][command:null][tid:14][org.pf4j.AbstractPluginManager] Loaded plugin '/home/emendoza/CppProjects/Buck/buckaroo-deps/Box2D/.buckd/resources/HEAD-fdbf043/buck-modules/intellij.jar' with class loader 'org.pf4j.PluginClassLoader@2684d2ee'
[2018-12-20 16:12:22.967][debug][command:null][tid:14][org.pf4j.AbstractPluginManager] Creating wrapper for plugin '/home/emendoza/CppProjects/Buck/buckaroo-deps/Box2D/.buckd/resources/HEAD-fdbf043/buck-modules/intellij.jar'
[2018-12-20 16:12:22.967][debug][command:null][tid:14][org.pf4j.AbstractPluginManager] Created wrapper 'PluginWrapper [descriptor=PluginDescriptor [pluginId=com.facebook.buck.features.project.intellij, pluginClass=com.facebook.buck.features.project.intellij.IjBuckModuleAdapterPlugin, version=0.0.1, provider=null, dependencies=[PluginDependency [pluginId=com.facebook.buck.features.python, pluginVersionSupport=*]], description=, requires=*, license=null], pluginPath=/home/emendoza/CppProjects/Buck/buckaroo-deps/Box2D/.buckd/resources/HEAD-fdbf043/buck-modules/intellij.jar]' for plugin '/home/emendoza/CppProjects/Buck/buckaroo-deps/Box2D/.buckd/resources/HEAD-fdbf043/buck-modules/intellij.jar'
[2018-12-20 16:12:22.968][debug][command:null][tid:14][org.pf4j.AbstractPluginManager] Use 'org.pf4j.CompoundPluginDescriptorFinder@6db65b7d' to find plugins descriptors
[2018-12-20 16:12:22.968][debug][command:null][tid:14][org.pf4j.AbstractPluginManager] Finding plugin descriptor for plugin '/home/emendoza/CppProjects/Buck/buckaroo-deps/Box2D/.buckd/resources/HEAD-fdbf043/buck-modules/gwt.jar'
[2018-12-20 16:12:22.968][debug][command:null][tid:14][org.pf4j.CompoundPluginDescriptorFinder] 'org.pf4j.ManifestPluginDescriptorFinder@24f75cf' is applicable for plugin '/home/emendoza/CppProjects/Buck/buckaroo-deps/Box2D/.buckd/resources/HEAD-fdbf043/buck-modules/gwt.jar'
[2018-12-20 16:12:22.969][debug][command:null][tid:14][org.pf4j.AbstractPluginManager] Found descriptor PluginDescriptor [pluginId=com.facebook.buck.features.gwt, pluginClass=com.facebook.buck.features.gwt.GwtBuckModuleAdapterPlugin, version=0.0.1, provider=null, dependencies=[], description=, requires=*, license=null]
[2018-12-20 16:12:22.970][debug][command:null][tid:14][org.pf4j.AbstractPluginManager] Class 'com.facebook.buck.features.gwt.GwtBuckModuleAdapterPlugin' for plugin '/home/emendoza/CppProjects/Buck/buckaroo-deps/Box2D/.buckd/resources/HEAD-fdbf043/buck-modules/gwt.jar'
[2018-12-20 16:12:22.970][debug][command:null][tid:14][org.pf4j.AbstractPluginManager] Loading plugin '/home/emendoza/CppProjects/Buck/buckaroo-deps/Box2D/.buckd/resources/HEAD-fdbf043/buck-modules/gwt.jar'
[2018-12-20 16:12:22.970][debug][command:null][tid:14][org.pf4j.PluginClassLoader] Add 'file:/home/emendoza/CppProjects/Buck/buckaroo-deps/Box2D/.buckd/resources/HEAD-fdbf043/buck-modules/gwt.jar'
[2018-12-20 16:12:22.970][debug][command:null][tid:14][org.pf4j.AbstractPluginManager] Loaded plugin '/home/emendoza/CppProjects/Buck/buckaroo-deps/Box2D/.buckd/resources/HEAD-fdbf043/buck-modules/gwt.jar' with class loader 'org.pf4j.PluginClassLoader@5e9371ac'
[2018-12-20 16:12:22.971][debug][command:null][tid:14][org.pf4j.AbstractPluginManager] Creating wrapper for plugin '/home/emendoza/CppProjects/Buck/buckaroo-deps/Box2D/.buckd/resources/HEAD-fdbf043/buck-modules/gwt.jar'
[2018-12-20 16:12:22.971][debug][command:null][tid:14][org.pf4j.AbstractPluginManager] Created wrapper 'PluginWrapper [descriptor=PluginDescriptor [pluginId=com.facebook.buck.features.gwt, pluginClass=com.facebook.buck.features.gwt.GwtBuckModuleAdapterPlugin, version=0.0.1, provider=null, dependencies=[], description=, requires=*, license=null], pluginPath=/home/emendoza/CppProjects/Buck/buckaroo-deps/Box2D/.buckd/resources/HEAD-fdbf043/buck-modules/gwt.jar]' for plugin '/home/emendoza/CppProjects/Buck/buckaroo-deps/Box2D/.buckd/resources/HEAD-fdbf043/buck-modules/gwt.jar'
[2018-12-20 16:12:22.971][debug][command:null][tid:14][org.pf4j.AbstractPluginManager] Use 'org.pf4j.CompoundPluginDescriptorFinder@6db65b7d' to find plugins descriptors
[2018-12-20 16:12:22.971][debug][command:null][tid:14][org.pf4j.AbstractPluginManager] Finding plugin descriptor for plugin '/home/emendoza/CppProjects/Buck/buckaroo-deps/Box2D/.buckd/resources/HEAD-fdbf043/buck-modules/python.jar'
[2018-12-20 16:12:22.972][debug][command:null][tid:14][org.pf4j.CompoundPluginDescriptorFinder] 'org.pf4j.ManifestPluginDescriptorFinder@24f75cf' is applicable for plugin '/home/emendoza/CppProjects/Buck/buckaroo-deps/Box2D/.buckd/resources/HEAD-fdbf043/buck-modules/python.jar'
[2018-12-20 16:12:22.972][debug][command:null][tid:14][org.pf4j.AbstractPluginManager] Found descriptor PluginDescriptor [pluginId=com.facebook.buck.features.python, pluginClass=com.facebook.buck.features.python.PythonModuleAdapterPlugin, version=0.0.1, provider=null, dependencies=[], description=, requires=*, license=null]
[2018-12-20 16:12:22.973][debug][command:null][tid:14][org.pf4j.AbstractPluginManager] Class 'com.facebook.buck.features.python.PythonModuleAdapterPlugin' for plugin '/home/emendoza/CppProjects/Buck/buckaroo-deps/Box2D/.buckd/resources/HEAD-fdbf043/buck-modules/python.jar'
[2018-12-20 16:12:22.973][debug][command:null][tid:14][org.pf4j.AbstractPluginManager] Loading plugin '/home/emendoza/CppProjects/Buck/buckaroo-deps/Box2D/.buckd/resources/HEAD-fdbf043/buck-modules/python.jar'
[2018-12-20 16:12:22.973][debug][command:null][tid:14][org.pf4j.PluginClassLoader] Add 'file:/home/emendoza/CppProjects/Buck/buckaroo-deps/Box2D/.buckd/resources/HEAD-fdbf043/buck-modules/python.jar'
[2018-12-20 16:12:22.974][debug][command:null][tid:14][org.pf4j.AbstractPluginManager] Loaded plugin '/home/emendoza/CppProjects/Buck/buckaroo-deps/Box2D/.buckd/resources/HEAD-fdbf043/buck-modules/python.jar' with class loader 'org.pf4j.PluginClassLoader@178235f0'
[2018-12-20 16:12:22.974][debug][command:null][tid:14][org.pf4j.AbstractPluginManager] Creating wrapper for plugin '/home/emendoza/CppProjects/Buck/buckaroo-deps/Box2D/.buckd/resources/HEAD-fdbf043/buck-modules/python.jar'
[2018-12-20 16:12:22.974][debug][command:null][tid:14][org.pf4j.AbstractPluginManager] Created wrapper 'PluginWrapper [descriptor=PluginDescriptor [pluginId=com.facebook.buck.features.python, pluginClass=com.facebook.buck.features.python.PythonModuleAdapterPlugin, version=0.0.1, provider=null, dependencies=[], description=, requires=*, license=null], pluginPath=/home/emendoza/CppProjects/Buck/buckaroo-deps/Box2D/.buckd/resources/HEAD-fdbf043/buck-modules/python.jar]' for plugin '/home/emendoza/CppProjects/Buck/buckaroo-deps/Box2D/.buckd/resources/HEAD-fdbf043/buck-modules/python.jar'
[2018-12-20 16:12:22.974][debug][command:null][tid:14][org.pf4j.AbstractPluginManager] Use 'org.pf4j.CompoundPluginDescriptorFinder@6db65b7d' to find plugins descriptors
[2018-12-20 16:12:22.974][debug][command:null][tid:14][org.pf4j.AbstractPluginManager] Finding plugin descriptor for plugin '/home/emendoza/CppProjects/Buck/buckaroo-deps/Box2D/.buckd/resources/HEAD-fdbf043/buck-modules/haskell.jar'
[2018-12-20 16:12:22.975][debug][command:null][tid:14][org.pf4j.CompoundPluginDescriptorFinder] 'org.pf4j.ManifestPluginDescriptorFinder@24f75cf' is applicable for plugin '/home/emendoza/CppProjects/Buck/buckaroo-deps/Box2D/.buckd/resources/HEAD-fdbf043/buck-modules/haskell.jar'
[2018-12-20 16:12:22.975][debug][command:null][tid:14][org.pf4j.AbstractPluginManager] Found descriptor PluginDescriptor [pluginId=com.facebook.buck.features.haskell, pluginClass=com.facebook.buck.features.haskell.HaskellModuleAdapterPlugin, version=0.0.1, provider=null, dependencies=[], description=, requires=*, license=null]
[2018-12-20 16:12:22.976][debug][command:null][tid:14][org.pf4j.AbstractPluginManager] Class 'com.facebook.buck.features.haskell.HaskellModuleAdapterPlugin' for plugin '/home/emendoza/CppProjects/Buck/buckaroo-deps/Box2D/.buckd/resources/HEAD-fdbf043/buck-modules/haskell.jar'
[2018-12-20 16:12:22.976][debug][command:null][tid:14][org.pf4j.AbstractPluginManager] Loading plugin '/home/emendoza/CppProjects/Buck/buckaroo-deps/Box2D/.buckd/resources/HEAD-fdbf043/buck-modules/haskell.jar'
[2018-12-20 16:12:22.976][debug][command:null][tid:14][org.pf4j.PluginClassLoader] Add 'file:/home/emendoza/CppProjects/Buck/buckaroo-deps/Box2D/.buckd/resources/HEAD-fdbf043/buck-modules/haskell.jar'
[2018-12-20 16:12:22.976][debug][command:null][tid:14][org.pf4j.AbstractPluginManager] Loaded plugin '/home/emendoza/CppProjects/Buck/buckaroo-deps/Box2D/.buckd/resources/HEAD-fdbf043/buck-modules/haskell.jar' with class loader 'org.pf4j.PluginClassLoader@1f32f10d'
[2018-12-20 16:12:22.976][debug][command:null][tid:14][org.pf4j.AbstractPluginManager] Creating wrapper for plugin '/home/emendoza/CppProjects/Buck/buckaroo-deps/Box2D/.buckd/resources/HEAD-fdbf043/buck-modules/haskell.jar'
[2018-12-20 16:12:22.977][debug][command:null][tid:14][org.pf4j.AbstractPluginManager] Created wrapper 'PluginWrapper [descriptor=PluginDescriptor [pluginId=com.facebook.buck.features.haskell, pluginClass=com.facebook.buck.features.haskell.HaskellModuleAdapterPlugin, version=0.0.1, provider=null, dependencies=[], description=, requires=*, license=null], pluginPath=/home/emendoza/CppProjects/Buck/buckaroo-deps/Box2D/.buckd/resources/HEAD-fdbf043/buck-modules/haskell.jar]' for plugin '/home/emendoza/CppProjects/Buck/buckaroo-deps/Box2D/.buckd/resources/HEAD-fdbf043/buck-modules/haskell.jar'
[2018-12-20 16:12:22.977][debug][command:null][tid:14][org.pf4j.AbstractPluginManager] Use 'org.pf4j.CompoundPluginDescriptorFinder@6db65b7d' to find plugins descriptors
[2018-12-20 16:12:22.977][debug][command:null][tid:14][org.pf4j.AbstractPluginManager] Finding plugin descriptor for plugin '/home/emendoza/CppProjects/Buck/buckaroo-deps/Box2D/.buckd/resources/HEAD-fdbf043/buck-modules/ocaml.jar'
[2018-12-20 16:12:22.978][debug][command:null][tid:14][org.pf4j.CompoundPluginDescriptorFinder] 'org.pf4j.ManifestPluginDescriptorFinder@24f75cf' is applicable for plugin '/home/emendoza/CppProjects/Buck/buckaroo-deps/Box2D/.buckd/resources/HEAD-fdbf043/buck-modules/ocaml.jar'
[2018-12-20 16:12:22.978][debug][command:null][tid:14][org.pf4j.AbstractPluginManager] Found descriptor PluginDescriptor [pluginId=com.facebook.buck.features.ocaml, pluginClass=com.facebook.buck.features.ocaml.OcamlModuleAdapterPlugin, version=0.0.1, provider=null, dependencies=[], description=, requires=*, license=null]
[2018-12-20 16:12:22.979][debug][command:null][tid:14][org.pf4j.AbstractPluginManager] Class 'com.facebook.buck.features.ocaml.OcamlModuleAdapterPlugin' for plugin '/home/emendoza/CppProjects/Buck/buckaroo-deps/Box2D/.buckd/resources/HEAD-fdbf043/buck-modules/ocaml.jar'
[2018-12-20 16:12:22.979][debug][command:null][tid:14][org.pf4j.AbstractPluginManager] Loading plugin '/home/emendoza/CppProjects/Buck/buckaroo-deps/Box2D/.buckd/resources/HEAD-fdbf043/buck-modules/ocaml.jar'
[2018-12-20 16:12:22.979][debug][command:null][tid:14][org.pf4j.PluginClassLoader] Add 'file:/home/emendoza/CppProjects/Buck/buckaroo-deps/Box2D/.buckd/resources/HEAD-fdbf043/buck-modules/ocaml.jar'
[2018-12-20 16:12:22.979][debug][command:null][tid:14][org.pf4j.AbstractPluginManager] Loaded plugin '/home/emendoza/CppProjects/Buck/buckaroo-deps/Box2D/.buckd/resources/HEAD-fdbf043/buck-modules/ocaml.jar' with class loader 'org.pf4j.PluginClassLoader@4d0d2164'
[2018-12-20 16:12:22.980][debug][command:null][tid:14][org.pf4j.AbstractPluginManager] Creating wrapper for plugin '/home/emendoza/CppProjects/Buck/buckaroo-deps/Box2D/.buckd/resources/HEAD-fdbf043/buck-modules/ocaml.jar'
[2018-12-20 16:12:22.980][debug][command:null][tid:14][org.pf4j.AbstractPluginManager] Created wrapper 'PluginWrapper [descriptor=PluginDescriptor [pluginId=com.facebook.buck.features.ocaml, pluginClass=com.facebook.buck.features.ocaml.OcamlModuleAdapterPlugin, version=0.0.1, provider=null, dependencies=[], description=, requires=*, license=null], pluginPath=/home/emendoza/CppProjects/Buck/buckaroo-deps/Box2D/.buckd/resources/HEAD-fdbf043/buck-modules/ocaml.jar]' for plugin '/home/emendoza/CppProjects/Buck/buckaroo-deps/Box2D/.buckd/resources/HEAD-fdbf043/buck-modules/ocaml.jar'
[2018-12-20 16:12:22.980][debug][command:null][tid:14][org.pf4j.AbstractPluginManager] Use 'org.pf4j.CompoundPluginDescriptorFinder@6db65b7d' to find plugins descriptors
[2018-12-20 16:12:22.981][debug][command:null][tid:14][org.pf4j.AbstractPluginManager] Finding plugin descriptor for plugin '/home/emendoza/CppProjects/Buck/buckaroo-deps/Box2D/.buckd/resources/HEAD-fdbf043/buck-modules/js.jar'
[2018-12-20 16:12:22.981][debug][command:null][tid:14][org.pf4j.CompoundPluginDescriptorFinder] 'org.pf4j.ManifestPluginDescriptorFinder@24f75cf' is applicable for plugin '/home/emendoza/CppProjects/Buck/buckaroo-deps/Box2D/.buckd/resources/HEAD-fdbf043/buck-modules/js.jar'
[2018-12-20 16:12:22.997][debug][command:null][tid:14][org.pf4j.AbstractPluginManager] Found descriptor PluginDescriptor [pluginId=com.facebook.buck.features.js, pluginClass=com.facebook.buck.features.js.JsModuleAdapterPlugin, version=0.0.1, provider=null, dependencies=[], description=, requires=*, license=null]
[2018-12-20 16:12:22.998][debug][command:null][tid:14][org.pf4j.AbstractPluginManager] Class 'com.facebook.buck.features.js.JsModuleAdapterPlugin' for plugin '/home/emendoza/CppProjects/Buck/buckaroo-deps/Box2D/.buckd/resources/HEAD-fdbf043/buck-modules/js.jar'
[2018-12-20 16:12:22.998][debug][command:null][tid:14][org.pf4j.AbstractPluginManager] Loading plugin '/home/emendoza/CppProjects/Buck/buckaroo-deps/Box2D/.buckd/resources/HEAD-fdbf043/buck-modules/js.jar'
[2018-12-20 16:12:22.998][debug][command:null][tid:14][org.pf4j.PluginClassLoader] Add 'file:/home/emendoza/CppProjects/Buck/buckaroo-deps/Box2D/.buckd/resources/HEAD-fdbf043/buck-modules/js.jar'
[2018-12-20 16:12:22.999][debug][command:null][tid:14][org.pf4j.AbstractPluginManager] Loaded plugin '/home/emendoza/CppProjects/Buck/buckaroo-deps/Box2D/.buckd/resources/HEAD-fdbf043/buck-modules/js.jar' with class loader 'org.pf4j.PluginClassLoader@64e34363'
[2018-12-20 16:12:22.999][debug][command:null][tid:14][org.pf4j.AbstractPluginManager] Creating wrapper for plugin '/home/emendoza/CppProjects/Buck/buckaroo-deps/Box2D/.buckd/resources/HEAD-fdbf043/buck-modules/js.jar'
[2018-12-20 16:12:22.999][debug][command:null][tid:14][org.pf4j.AbstractPluginManager] Created wrapper 'PluginWrapper [descriptor=PluginDescriptor [pluginId=com.facebook.buck.features.js, pluginClass=com.facebook.buck.features.js.JsModuleAdapterPlugin, version=0.0.1, provider=null, dependencies=[], description=, requires=*, license=null], pluginPath=/home/emendoza/CppProjects/Buck/buckaroo-deps/Box2D/.buckd/resources/HEAD-fdbf043/buck-modules/js.jar]' for plugin '/home/emendoza/CppProjects/Buck/buckaroo-deps/Box2D/.buckd/resources/HEAD-fdbf043/buck-modules/js.jar'
[2018-12-20 16:12:23.000][debug][command:null][tid:14][org.pf4j.AbstractPluginManager] Use 'org.pf4j.CompoundPluginDescriptorFinder@6db65b7d' to find plugins descriptors
[2018-12-20 16:12:23.000][debug][command:null][tid:14][org.pf4j.AbstractPluginManager] Finding plugin descriptor for plugin '/home/emendoza/CppProjects/Buck/buckaroo-deps/Box2D/.buckd/resources/HEAD-fdbf043/buck-modules/rust.jar'
[2018-12-20 16:12:23.001][debug][command:null][tid:14][org.pf4j.CompoundPluginDescriptorFinder] 'org.pf4j.ManifestPluginDescriptorFinder@24f75cf' is applicable for plugin '/home/emendoza/CppProjects/Buck/buckaroo-deps/Box2D/.buckd/resources/HEAD-fdbf043/buck-modules/rust.jar'
[2018-12-20 16:12:23.002][debug][command:null][tid:14][org.pf4j.AbstractPluginManager] Found descriptor PluginDescriptor [pluginId=com.facebook.buck.features.rust, pluginClass=com.facebook.buck.features.rust.RustModuleAdapterPlugin, version=0.0.1, provider=null, dependencies=[], description=, requires=*, license=null]
[2018-12-20 16:12:23.003][debug][command:null][tid:14][org.pf4j.AbstractPluginManager] Class 'com.facebook.buck.features.rust.RustModuleAdapterPlugin' for plugin '/home/emendoza/CppProjects/Buck/buckaroo-deps/Box2D/.buckd/resources/HEAD-fdbf043/buck-modules/rust.jar'
[2018-12-20 16:12:23.003][debug][command:null][tid:14][org.pf4j.AbstractPluginManager] Loading plugin '/home/emendoza/CppProjects/Buck/buckaroo-deps/Box2D/.buckd/resources/HEAD-fdbf043/buck-modules/rust.jar'
[2018-12-20 16:12:23.004][debug][command:null][tid:14][org.pf4j.PluginClassLoader] Add 'file:/home/emendoza/CppProjects/Buck/buckaroo-deps/Box2D/.buckd/resources/HEAD-fdbf043/buck-modules/rust.jar'
[2018-12-20 16:12:23.004][debug][command:null][tid:14][org.pf4j.AbstractPluginManager] Loaded plugin '/home/emendoza/CppProjects/Buck/buckaroo-deps/Box2D/.buckd/resources/HEAD-fdbf043/buck-modules/rust.jar' with class loader 'org.pf4j.PluginClassLoader@600f67f4'
[2018-12-20 16:12:23.005][debug][command:null][tid:14][org.pf4j.AbstractPluginManager] Creating wrapper for plugin '/home/emendoza/CppProjects/Buck/buckaroo-deps/Box2D/.buckd/resources/HEAD-fdbf043/buck-modules/rust.jar'
[2018-12-20 16:12:23.005][debug][command:null][tid:14][org.pf4j.AbstractPluginManager] Created wrapper 'PluginWrapper [descriptor=PluginDescriptor [pluginId=com.facebook.buck.features.rust, pluginClass=com.facebook.buck.features.rust.RustModuleAdapterPlugin, version=0.0.1, provider=null, dependencies=[], description=, requires=*, license=null], pluginPath=/home/emendoza/CppProjects/Buck/buckaroo-deps/Box2D/.buckd/resources/HEAD-fdbf043/buck-modules/rust.jar]' for plugin '/home/emendoza/CppProjects/Buck/buckaroo-deps/Box2D/.buckd/resources/HEAD-fdbf043/buck-modules/rust.jar'
[2018-12-20 16:12:23.006][debug][command:null][tid:14][org.pf4j.AbstractPluginManager] Use 'org.pf4j.CompoundPluginDescriptorFinder@6db65b7d' to find plugins descriptors
[2018-12-20 16:12:23.011][debug][command:null][tid:14][org.pf4j.AbstractPluginManager] Finding plugin descriptor for plugin '/home/emendoza/CppProjects/Buck/buckaroo-deps/Box2D/.buckd/resources/HEAD-fdbf043/buck-modules/xcode.jar'
[2018-12-20 16:12:23.012][debug][command:null][tid:14][org.pf4j.CompoundPluginDescriptorFinder] 'org.pf4j.ManifestPluginDescriptorFinder@24f75cf' is applicable for plugin '/home/emendoza/CppProjects/Buck/buckaroo-deps/Box2D/.buckd/resources/HEAD-fdbf043/buck-modules/xcode.jar'
[2018-12-20 16:12:23.012][debug][command:null][tid:14][org.pf4j.AbstractPluginManager] Found descriptor PluginDescriptor [pluginId=com.facebook.buck.features.apple.project, pluginClass=com.facebook.buck.features.apple.project.XCodeBuckModuleAdapterPlugin, version=0.0.1, provider=null, dependencies=[PluginDependency [pluginId=com.facebook.buck.features.halide, pluginVersionSupport=*], PluginDependency [pluginId=com.facebook.buck.features.js, pluginVersionSupport=*]], description=, requires=*, license=null]
[2018-12-20 16:12:23.013][debug][command:null][tid:14][org.pf4j.AbstractPluginManager] Class 'com.facebook.buck.features.apple.project.XCodeBuckModuleAdapterPlugin' for plugin '/home/emendoza/CppProjects/Buck/buckaroo-deps/Box2D/.buckd/resources/HEAD-fdbf043/buck-modules/xcode.jar'
[2018-12-20 16:12:23.013][debug][command:null][tid:14][org.pf4j.AbstractPluginManager] Loading plugin '/home/emendoza/CppProjects/Buck/buckaroo-deps/Box2D/.buckd/resources/HEAD-fdbf043/buck-modules/xcode.jar'
[2018-12-20 16:12:23.014][debug][command:null][tid:14][org.pf4j.PluginClassLoader] Add 'file:/home/emendoza/CppProjects/Buck/buckaroo-deps/Box2D/.buckd/resources/HEAD-fdbf043/buck-modules/xcode.jar'
[2018-12-20 16:12:23.014][debug][command:null][tid:14][org.pf4j.AbstractPluginManager] Loaded plugin '/home/emendoza/CppProjects/Buck/buckaroo-deps/Box2D/.buckd/resources/HEAD-fdbf043/buck-modules/xcode.jar' with class loader 'org.pf4j.PluginClassLoader@60d9d160'
[2018-12-20 16:12:23.014][debug][command:null][tid:14][org.pf4j.AbstractPluginManager] Creating wrapper for plugin '/home/emendoza/CppProjects/Buck/buckaroo-deps/Box2D/.buckd/resources/HEAD-fdbf043/buck-modules/xcode.jar'
[2018-12-20 16:12:23.015][debug][command:null][tid:14][org.pf4j.AbstractPluginManager] Created wrapper 'PluginWrapper [descriptor=PluginDescriptor [pluginId=com.facebook.buck.features.apple.project, pluginClass=com.facebook.buck.features.apple.project.XCodeBuckModuleAdapterPlugin, version=0.0.1, provider=null, dependencies=[PluginDependency [pluginId=com.facebook.buck.features.halide, pluginVersionSupport=*], PluginDependency [pluginId=com.facebook.buck.features.js, pluginVersionSupport=*]], description=, requires=*, license=null], pluginPath=/home/emendoza/CppProjects/Buck/buckaroo-deps/Box2D/.buckd/resources/HEAD-fdbf043/buck-modules/xcode.jar]' for plugin '/home/emendoza/CppProjects/Buck/buckaroo-deps/Box2D/.buckd/resources/HEAD-fdbf043/buck-modules/xcode.jar'
[2018-12-20 16:12:23.015][debug][command:null][tid:14][org.pf4j.AbstractPluginManager] Use 'org.pf4j.CompoundPluginDescriptorFinder@6db65b7d' to find plugins descriptors
[2018-12-20 16:12:23.016][debug][command:null][tid:14][org.pf4j.AbstractPluginManager] Finding plugin descriptor for plugin '/home/emendoza/CppProjects/Buck/buckaroo-deps/Box2D/.buckd/resources/HEAD-fdbf043/buck-modules/lua.jar'
[2018-12-20 16:12:23.016][debug][command:null][tid:14][org.pf4j.CompoundPluginDescriptorFinder] 'org.pf4j.ManifestPluginDescriptorFinder@24f75cf' is applicable for plugin '/home/emendoza/CppProjects/Buck/buckaroo-deps/Box2D/.buckd/resources/HEAD-fdbf043/buck-modules/lua.jar'
[2018-12-20 16:12:23.017][debug][command:null][tid:14][org.pf4j.AbstractPluginManager] Found descriptor PluginDescriptor [pluginId=com.facebook.buck.features.lua, pluginClass=com.facebook.buck.features.lua.LuaModuleAdapterPlugin, version=0.0.1, provider=null, dependencies=[PluginDependency [pluginId=com.facebook.buck.features.python, pluginVersionSupport=*]], description=, requires=*, license=null]
[2018-12-20 16:12:23.017][debug][command:null][tid:14][org.pf4j.AbstractPluginManager] Class 'com.facebook.buck.features.lua.LuaModuleAdapterPlugin' for plugin '/home/emendoza/CppProjects/Buck/buckaroo-deps/Box2D/.buckd/resources/HEAD-fdbf043/buck-modules/lua.jar'
[2018-12-20 16:12:23.018][debug][command:null][tid:14][org.pf4j.AbstractPluginManager] Loading plugin '/home/emendoza/CppProjects/Buck/buckaroo-deps/Box2D/.buckd/resources/HEAD-fdbf043/buck-modules/lua.jar'
[2018-12-20 16:12:23.018][debug][command:null][tid:14][org.pf4j.PluginClassLoader] Add 'file:/home/emendoza/CppProjects/Buck/buckaroo-deps/Box2D/.buckd/resources/HEAD-fdbf043/buck-modules/lua.jar'
[2018-12-20 16:12:23.019][debug][command:null][tid:14][org.pf4j.AbstractPluginManager] Loaded plugin '/home/emendoza/CppProjects/Buck/buckaroo-deps/Box2D/.buckd/resources/HEAD-fdbf043/buck-modules/lua.jar' with class loader 'org.pf4j.PluginClassLoader@49f99f0e'
[2018-12-20 16:12:23.019][debug][command:null][tid:14][org.pf4j.AbstractPluginManager] Creating wrapper for plugin '/home/emendoza/CppProjects/Buck/buckaroo-deps/Box2D/.buckd/resources/HEAD-fdbf043/buck-modules/lua.jar'
[2018-12-20 16:12:23.019][debug][command:null][tid:14][org.pf4j.AbstractPluginManager] Created wrapper 'PluginWrapper [descriptor=PluginDescriptor [pluginId=com.facebook.buck.features.lua, pluginClass=com.facebook.buck.features.lua.LuaModuleAdapterPlugin, version=0.0.1, provider=null, dependencies=[PluginDependency [pluginId=com.facebook.buck.features.python, pluginVersionSupport=*]], description=, requires=*, license=null], pluginPath=/home/emendoza/CppProjects/Buck/buckaroo-deps/Box2D/.buckd/resources/HEAD-fdbf043/buck-modules/lua.jar]' for plugin '/home/emendoza/CppProjects/Buck/buckaroo-deps/Box2D/.buckd/resources/HEAD-fdbf043/buck-modules/lua.jar'
[2018-12-20 16:12:23.021][debug][command:null][tid:14][org.pf4j.DependencyResolver] Graph: 
   com.facebook.buck.features.go -> []
   com.facebook.buck.features.lua -> [com.facebook.buck.features.python]
   com.facebook.buck.features.rust -> []
   com.facebook.buck.features.zip.rules -> [com.facebook.buck.features.filebundler]
   com.facebook.buck.features.js -> []
   com.facebook.buck.features.dotnet -> []
   com.facebook.buck.features.haskell -> []
   com.facebook.buck.features.ocaml -> []
   com.facebook.buck.features.d -> []
   com.facebook.buck.features.apple.project -> [com.facebook.buck.features.halide, com.facebook.buck.features.js]
   com.facebook.buck.features.filegroup -> [com.facebook.buck.features.filebundler]
   com.facebook.buck.features.gwt -> []
   com.facebook.buck.features.filebundler -> []
   com.facebook.buck.features.python -> []
   com.facebook.buck.features.project.intellij -> [com.facebook.buck.features.python]
   com.facebook.buck.features.halide -> []
[2018-12-20 16:12:23.022][debug][command:null][tid:14][org.pf4j.DependencyResolver] Plugins order: [com.facebook.buck.features.go, com.facebook.buck.features.python, com.facebook.buck.features.lua, com.facebook.buck.features.rust, com.facebook.buck.features.filebundler, com.facebook.buck.features.zip.rules, com.facebook.buck.features.dotnet, com.facebook.buck.features.haskell, com.facebook.buck.features.ocaml, com.facebook.buck.features.d, com.facebook.buck.features.halide, com.facebook.buck.features.js, com.facebook.buck.features.apple.project, com.facebook.buck.features.filegroup, com.facebook.buck.features.gwt, com.facebook.buck.features.project.intellij]
[2018-12-20 16:12:23.022][info ][command:null][tid:14][org.pf4j.AbstractPluginManager] Plugin 'com.facebook.buck.features.go@0.0.1' resolved
[2018-12-20 16:12:23.023][info ][command:null][tid:14][org.pf4j.AbstractPluginManager] Plugin 'com.facebook.buck.features.python@0.0.1' resolved
[2018-12-20 16:12:23.023][info ][command:null][tid:14][org.pf4j.AbstractPluginManager] Plugin 'com.facebook.buck.features.lua@0.0.1' resolved
[2018-12-20 16:12:23.023][info ][command:null][tid:14][org.pf4j.AbstractPluginManager] Plugin 'com.facebook.buck.features.rust@0.0.1' resolved
[2018-12-20 16:12:23.023][info ][command:null][tid:14][org.pf4j.AbstractPluginManager] Plugin 'com.facebook.buck.features.filebundler@0.0.1' resolved
[2018-12-20 16:12:23.023][info ][command:null][tid:14][org.pf4j.AbstractPluginManager] Plugin 'com.facebook.buck.features.zip.rules@0.0.1' resolved
[2018-12-20 16:12:23.024][info ][command:null][tid:14][org.pf4j.AbstractPluginManager] Plugin 'com.facebook.buck.features.dotnet@0.0.1' resolved
[2018-12-20 16:12:23.024][info ][command:null][tid:14][org.pf4j.AbstractPluginManager] Plugin 'com.facebook.buck.features.haskell@0.0.1' resolved
[2018-12-20 16:12:23.024][info ][command:null][tid:14][org.pf4j.AbstractPluginManager] Plugin 'com.facebook.buck.features.ocaml@0.0.1' resolved
[2018-12-20 16:12:23.024][info ][command:null][tid:14][org.pf4j.AbstractPluginManager] Plugin 'com.facebook.buck.features.d@0.0.1' resolved
[2018-12-20 16:12:23.024][info ][command:null][tid:14][org.pf4j.AbstractPluginManager] Plugin 'com.facebook.buck.features.halide@0.0.1' resolved
[2018-12-20 16:12:23.025][info ][command:null][tid:14][org.pf4j.AbstractPluginManager] Plugin 'com.facebook.buck.features.js@0.0.1' resolved
[2018-12-20 16:12:23.025][info ][command:null][tid:14][org.pf4j.AbstractPluginManager] Plugin 'com.facebook.buck.features.apple.project@0.0.1' resolved
[2018-12-20 16:12:23.025][info ][command:null][tid:14][org.pf4j.AbstractPluginManager] Plugin 'com.facebook.buck.features.filegroup@0.0.1' resolved
[2018-12-20 16:12:23.025][info ][command:null][tid:14][org.pf4j.AbstractPluginManager] Plugin 'com.facebook.buck.features.gwt@0.0.1' resolved
[2018-12-20 16:12:23.025][info ][command:null][tid:14][org.pf4j.AbstractPluginManager] Plugin 'com.facebook.buck.features.project.intellij@0.0.1' resolved
[2018-12-20 16:12:23.026][info ][command:null][tid:14][org.pf4j.AbstractPluginManager] Start plugin 'com.facebook.buck.features.go@0.0.1'
[2018-12-20 16:12:23.026][debug][command:null][tid:14][org.pf4j.DefaultExtensionFactory] Create instance for plugin 'com.facebook.buck.features.go.GoModuleAdapterPlugin'
[2018-12-20 16:12:23.029][info ][command:null][tid:14][org.pf4j.AbstractPluginManager] Start plugin 'com.facebook.buck.features.python@0.0.1'
[2018-12-20 16:12:23.029][debug][command:null][tid:14][org.pf4j.DefaultExtensionFactory] Create instance for plugin 'com.facebook.buck.features.python.PythonModuleAdapterPlugin'
[2018-12-20 16:12:23.031][info ][command:null][tid:14][org.pf4j.AbstractPluginManager] Start plugin 'com.facebook.buck.features.lua@0.0.1'
[2018-12-20 16:12:23.031][debug][command:null][tid:14][org.pf4j.DefaultExtensionFactory] Create instance for plugin 'com.facebook.buck.features.lua.LuaModuleAdapterPlugin'
[2018-12-20 16:12:23.032][info ][command:null][tid:14][org.pf4j.AbstractPluginManager] Start plugin 'com.facebook.buck.features.rust@0.0.1'
[2018-12-20 16:12:23.033][debug][command:null][tid:14][org.pf4j.DefaultExtensionFactory] Create instance for plugin 'com.facebook.buck.features.rust.RustModuleAdapterPlugin'
[2018-12-20 16:12:23.034][info ][command:null][tid:14][org.pf4j.AbstractPluginManager] Start plugin 'com.facebook.buck.features.filebundler@0.0.1'
[2018-12-20 16:12:23.034][debug][command:null][tid:14][org.pf4j.DefaultExtensionFactory] Create instance for plugin 'com.facebook.buck.features.filebundler.FileBundlerModuleAdapterPlugin'
[2018-12-20 16:12:23.035][info ][command:null][tid:14][org.pf4j.AbstractPluginManager] Start plugin 'com.facebook.buck.features.zip.rules@0.0.1'
[2018-12-20 16:12:23.036][debug][command:null][tid:14][org.pf4j.DefaultExtensionFactory] Create instance for plugin 'com.facebook.buck.features.zip.rules.ZipRulesModuleAdapterPlugin'
[2018-12-20 16:12:23.037][info ][command:null][tid:14][org.pf4j.AbstractPluginManager] Start plugin 'com.facebook.buck.features.dotnet@0.0.1'
[2018-12-20 16:12:23.037][debug][command:null][tid:14][org.pf4j.DefaultExtensionFactory] Create instance for plugin 'com.facebook.buck.features.dotnet.DotnetModuleAdapterPlugin'
[2018-12-20 16:12:23.038][info ][command:null][tid:14][org.pf4j.AbstractPluginManager] Start plugin 'com.facebook.buck.features.haskell@0.0.1'
[2018-12-20 16:12:23.038][debug][command:null][tid:14][org.pf4j.DefaultExtensionFactory] Create instance for plugin 'com.facebook.buck.features.haskell.HaskellModuleAdapterPlugin'
[2018-12-20 16:12:23.039][info ][command:null][tid:14][org.pf4j.AbstractPluginManager] Start plugin 'com.facebook.buck.features.ocaml@0.0.1'
[2018-12-20 16:12:23.039][debug][command:null][tid:14][org.pf4j.DefaultExtensionFactory] Create instance for plugin 'com.facebook.buck.features.ocaml.OcamlModuleAdapterPlugin'
[2018-12-20 16:12:23.040][info ][command:null][tid:14][org.pf4j.AbstractPluginManager] Start plugin 'com.facebook.buck.features.d@0.0.1'
[2018-12-20 16:12:23.040][debug][command:null][tid:14][org.pf4j.DefaultExtensionFactory] Create instance for plugin 'com.facebook.buck.features.d.DModuleAdapterPlugin'
[2018-12-20 16:12:23.042][info ][command:null][tid:14][org.pf4j.AbstractPluginManager] Start plugin 'com.facebook.buck.features.halide@0.0.1'
[2018-12-20 16:12:23.042][debug][command:null][tid:14][org.pf4j.DefaultExtensionFactory] Create instance for plugin 'com.facebook.buck.features.halide.HalideModuleAdapterPlugin'
[2018-12-20 16:12:23.043][info ][command:null][tid:14][org.pf4j.AbstractPluginManager] Start plugin 'com.facebook.buck.features.js@0.0.1'
[2018-12-20 16:12:23.043][debug][command:null][tid:14][org.pf4j.DefaultExtensionFactory] Create instance for plugin 'com.facebook.buck.features.js.JsModuleAdapterPlugin'
[2018-12-20 16:12:23.044][info ][command:null][tid:14][org.pf4j.AbstractPluginManager] Start plugin 'com.facebook.buck.features.apple.project@0.0.1'
[2018-12-20 16:12:23.044][debug][command:null][tid:14][org.pf4j.DefaultExtensionFactory] Create instance for plugin 'com.facebook.buck.features.apple.project.XCodeBuckModuleAdapterPlugin'
[2018-12-20 16:12:23.045][info ][command:null][tid:14][org.pf4j.AbstractPluginManager] Start plugin 'com.facebook.buck.features.filegroup@0.0.1'
[2018-12-20 16:12:23.045][debug][command:null][tid:14][org.pf4j.DefaultExtensionFactory] Create instance for plugin 'com.facebook.buck.features.filegroup.FilegroupModuleAdapterPlugin'
[2018-12-20 16:12:23.046][info ][command:null][tid:14][org.pf4j.AbstractPluginManager] Start plugin 'com.facebook.buck.features.gwt@0.0.1'
[2018-12-20 16:12:23.046][debug][command:null][tid:14][org.pf4j.DefaultExtensionFactory] Create instance for plugin 'com.facebook.buck.features.gwt.GwtBuckModuleAdapterPlugin'
[2018-12-20 16:12:23.047][info ][command:null][tid:14][org.pf4j.AbstractPluginManager] Start plugin 'com.facebook.buck.features.project.intellij@0.0.1'
[2018-12-20 16:12:23.048][debug][command:null][tid:14][org.pf4j.DefaultExtensionFactory] Create instance for plugin 'com.facebook.buck.features.project.intellij.IjBuckModuleAdapterPlugin'
[2018-12-20 16:12:23.213][debug][command:null][tid:14][com.facebook.buck.cli.Main] Rotating log.
