[2018-12-20 16:12:22.006][debug][command:null][tid:01][com.google.common.util.concurrent.ServiceManager] Starting HangMonitor [RUNNING].
[2018-12-20 16:12:22.228][debug][command:null][tid:01][com.google.common.util.concurrent.ServiceManager] Started HangMonitor [RUNNING] in 242.1 ms.
[2018-12-20 16:12:22.401][info ][command:null][tid:01][com.facebook.buck.cli.Main] enabling background process killing for buckd
[2018-12-20 16:12:22.417][info ][command:null][tid:01][com.facebook.buck.cli.Main] enabled background process killing for buckd
[2018-12-20 16:12:22.419][info ][command:null][tid:01][com.facebook.buck.cli.Main] initialized bg session killer
[2018-12-20 16:12:22.733][debug][command:null][tid:14][com.facebook.nailgun.NGSession] NGSession 1 is waiting for first client to connect
[2018-12-20 16:12:22.734][debug][command:null][tid:14][com.facebook.nailgun.NGSession] NGSession 1 accepted new connection
[2018-12-20 16:12:22.748][debug][command:null][tid:15][com.facebook.nailgun.NGCommunicator] Orchestrator thread started
[2018-12-20 16:12:22.781][debug][command:null][tid:14][com.facebook.buck.util.config.Configs] Loading configuration for /home/emendoza/CppProjects/Buck/buckaroo-deps/Box2D
[2018-12-20 16:12:22.833][debug][command:null][tid:14][com.facebook.buck.util.config.Configs] Loaded project configuration file /home/emendoza/CppProjects/Buck/buckaroo-deps/Box2D/.buckconfig
[2018-12-20 16:12:22.836][debug][command:null][tid:14][com.facebook.buck.util.config.Configs] Adding configuration overrides RawConfig{values={}}
[2018-12-20 16:12:22.886][info ][command:null][tid:14][org.pf4j.DefaultPluginStatusProvider] Enabled plugins: []
[2018-12-20 16:12:22.886][info ][command:null][tid:14][org.pf4j.DefaultPluginStatusProvider] Disabled plugins: []
[2018-12-20 16:12:22.889][info ][command:null][tid:14][org.pf4j.DefaultPluginManager] PF4J version 0.0.0 in 'deployment' mode
[2018-12-20 16:12:22.923][debug][command:null][tid:14][org.pf4j.AbstractPluginManager] Lookup plugins in '/home/emendoza/CppProjects/Buck/buckaroo-deps/Box2D/.buckd/resources/HEAD-fdbf043/buck-modules'
[2018-12-20 16:12:22.927][debug][command:null][tid:14][org.pf4j.AbstractPluginManager] Found 16 possible plugins: [/home/emendoza/CppProjects/Buck/buckaroo-deps/Box2D/.buckd/resources/HEAD-fdbf043/buck-modules/d.jar, /home/emendoza/CppProjects/Buck/buckaroo-deps/Box2D/.buckd/resources/HEAD-fdbf043/buck-modules/filebundler.jar, /home/emendoza/CppProjects/Buck/buckaroo-deps/Box2D/.buckd/resources/HEAD-fdbf043/buck-modules/ziprules.jar, /home/emendoza/CppProjects/Buck/buckaroo-deps/Box2D/.buckd/resources/HEAD-fdbf043/buck-modules/halide.jar, /home/emendoza/CppProjects/Buck/buckaroo-deps/Box2D/.buckd/resources/HEAD-fdbf043/buck-modules/filegroup.jar, /home/emendoza/CppProjects/Buck/buckaroo-deps/Box2D/.buckd/resources/HEAD-fdbf043/buck-modules/go.jar, /home/emendoza/CppProjects/Buck/buckaroo-deps/Box2D/.buckd/resources/HEAD-fdbf043/buck-modules/dotnet.jar, /home/emendoza/CppProjects/Buck/buckaroo-deps/Box2D/.buckd/resources/HEAD-fdbf043/buck-modules/intellij.jar, /home/emendoza/CppProjects/Buck/buckaroo-deps/Box2D/.buckd/resources/HEAD-fdbf043/buck-modules/gwt.jar, /home/emendoza/CppProjects/Buck/buckaroo-deps/Box2D/.buckd/resources/HEAD-fdbf043/buck-modules/python.jar, /home/emendoza/CppProjects/Buck/buckaroo-deps/Box2D/.buckd/resources/HEAD-fdbf043/buck-modules/haskell.jar, /home/emendoza/CppProjects/Buck/buckaroo-deps/Box2D/.buckd/resources/HEAD-fdbf043/buck-modules/ocaml.jar, /home/emendoza/CppProjects/Buck/buckaroo-deps/Box2D/.buckd/resources/HEAD-fdbf043/buck-modules/js.jar, /home/emendoza/CppProjects/Buck/buckaroo-deps/Box2D/.buckd/resources/HEAD-fdbf043/buck-modules/rust.jar, /home/emendoza/CppProjects/Buck/buckaroo-deps/Box2D/.buckd/resources/HEAD-fdbf043/buck-modules/xcode.jar, /home/emendoza/CppProjects/Buck/buckaroo-deps/Box2D/.buckd/resources/HEAD-fdbf043/buck-modules/lua.jar]
[2018-12-20 16:12:22.928][debug][command:null][tid:14][org.pf4j.AbstractPluginManager] Use 'org.pf4j.CompoundPluginDescriptorFinder@6db65b7d' to find plugins descriptors
[2018-12-20 16:12:22.929][debug][command:null][tid:14][org.pf4j.AbstractPluginManager] Finding plugin descriptor for plugin '/home/emendoza/CppProjects/Buck/buckaroo-deps/Box2D/.buckd/resources/HEAD-fdbf043/buck-modules/d.jar'
[2018-12-20 16:12:22.930][debug][command:null][tid:14][org.pf4j.CompoundPluginDescriptorFinder] 'org.pf4j.ManifestPluginDescriptorFinder@24f75cf' is applicable for plugin '/home/emendoza/CppProjects/Buck/buckaroo-deps/Box2D/.buckd/resources/HEAD-fdbf043/buck-modules/d.jar'
[2018-12-20 16:12:22.932][debug][command:null][tid:14][org.pf4j.AbstractPluginManager] Found descriptor PluginDescriptor [pluginId=com.facebook.buck.features.d, pluginClass=com.facebook.buck.features.d.DModuleAdapterPlugin, version=0.0.1, provider=null, dependencies=[], description=, requires=*, license=null]
[2018-12-20 16:12:22.933][debug][command:null][tid:14][org.pf4j.AbstractPluginManager] Class 'com.facebook.buck.features.d.DModuleAdapterPlugin' for plugin '/home/emendoza/CppProjects/Buck/buckaroo-deps/Box2D/.buckd/resources/HEAD-fdbf043/buck-modules/d.jar'
[2018-12-20 16:12:22.933][debug][command:null][tid:14][org.pf4j.AbstractPluginManager] Loading plugin '/home/emendoza/CppProjects/Buck/buckaroo-deps/Box2D/.buckd/resources/HEAD-fdbf043/buck-modules/d.jar'
[2018-12-20 16:12:22.934][debug][command:null][tid:14][org.pf4j.PluginClassLoader] Add 'file:/home/emendoza/CppProjects/Buck/buckaroo-deps/Box2D/.buckd/resources/HEAD-fdbf043/buck-modules/d.jar'
[2018-12-20 16:12:22.935][debug][command:null][tid:14][org.pf4j.AbstractPluginManager] Loaded plugin '/home/emendoza/CppProjects/Buck/buckaroo-deps/Box2D/.buckd/resources/HEAD-fdbf043/buck-modules/d.jar' with class loader 'org.pf4j.PluginClassLoader@54ac4112'
[2018-12-20 16:12:22.935][debug][command:null][tid:14][org.pf4j.AbstractPluginManager] Creating wrapper for plugin '/home/emendoza/CppProjects/Buck/buckaroo-deps/Box2D/.buckd/resources/HEAD-fdbf043/buck-modules/d.jar'
[2018-12-20 16:12:22.936][debug][command:null][tid:14][org.pf4j.AbstractPluginManager] Created wrapper 'PluginWrapper [descriptor=PluginDescriptor [pluginId=com.facebook.buck.features.d, pluginClass=com.facebook.buck.features.d.DModuleAdapterPlugin, version=0.0.1, provider=null, dependencies=[], description=, requires=*, license=null], pluginPath=/home/emendoza/CppProjects/Buck/buckaroo-deps/Box2D/.buckd/resources/HEAD-fdbf043/buck-modules/d.jar]' for plugin '/home/emendoza/CppProjects/Buck/buckaroo-deps/Box2D/.buckd/resources/HEAD-fdbf043/buck-modules/d.jar'
[2018-12-20 16:12:22.937][debug][command:null][tid:14][org.pf4j.AbstractPluginManager] Use 'org.pf4j.CompoundPluginDescriptorFinder@6db65b7d' to find plugins descriptors
[2018-12-20 16:12:22.938][debug][command:null][tid:14][org.pf4j.AbstractPluginManager] Finding plugin descriptor for plugin '/home/emendoza/CppProjects/Buck/buckaroo-deps/Box2D/.buckd/resources/HEAD-fdbf043/buck-modules/filebundler.jar'
[2018-12-20 16:12:22.938][debug][command:null][tid:14][org.pf4j.CompoundPluginDescriptorFinder] 'org.pf4j.ManifestPluginDescriptorFinder@24f75cf' is applicable for plugin '/home/emendoza/CppProjects/Buck/buckaroo-deps/Box2D/.buckd/resources/HEAD-fdbf043/buck-modules/filebundler.jar'
[2018-12-20 16:12:22.939][debug][command:null][tid:14][org.pf4j.AbstractPluginManager] Found descriptor PluginDescriptor [pluginId=com.facebook.buck.features.filebundler, pluginClass=com.facebook.buck.features.filebundler.FileBundlerModuleAdapterPlugin, version=0.0.1, provider=null, dependencies=[], description=, requires=*, license=null]
[2018-12-20 16:12:22.940][debug][command:null][tid:14][org.pf4j.AbstractPluginManager] Class 'com.facebook.buck.features.filebundler.FileBundlerModuleAdapterPlugin' for plugin '/home/emendoza/CppProjects/Buck/buckaroo-deps/Box2D/.buckd/resources/HEAD-fdbf043/buck-modules/filebundler.jar'
[2018-12-20 16:12:22.940][debug][command:null][tid:14][org.pf4j.AbstractPluginManager] Loading plugin '/home/emendoza/CppProjects/Buck/buckaroo-deps/Box2D/.buckd/resources/HEAD-fdbf043/buck-modules/filebundler.jar'
[2018-12-20 16:12:22.941][debug][command:null][tid:14][org.pf4j.PluginClassLoader] Add 'file:/home/emendoza/CppProjects/Buck/buckaroo-deps/Box2D/.buckd/resources/HEAD-fdbf043/buck-modules/filebundler.jar'
[2018-12-20 16:12:22.941][debug][command:null][tid:14][org.pf4j.AbstractPluginManager] Loaded plugin '/home/emendoza/CppProjects/Buck/buckaroo-deps/Box2D/.buckd/resources/HEAD-fdbf043/buck-modules/filebundler.jar' with class loader 'org.pf4j.PluginClassLoader@21046fa0'
[2018-12-20 16:12:22.942][debug][command:null][tid:14][org.pf4j.AbstractPluginManager] Creating wrapper for plugin '/home/emendoza/CppProjects/Buck/buckaroo-deps/Box2D/.buckd/resources/HEAD-fdbf043/buck-modules/filebundler.jar'
[2018-12-20 16:12:22.942][debug][command:null][tid:14][org.pf4j.AbstractPluginManager] Created wrapper 'PluginWrapper [descriptor=PluginDescriptor [pluginId=com.facebook.buck.features.filebundler, pluginClass=com.facebook.buck.features.filebundler.FileBundlerModuleAdapterPlugin, version=0.0.1, provider=null, dependencies=[], description=, requires=*, license=null], pluginPath=/home/emendoza/CppProjects/Buck/buckaroo-deps/Box2D/.buckd/resources/HEAD-fdbf043/buck-modules/filebundler.jar]' for plugin '/home/emendoza/CppProjects/Buck/buckaroo-deps/Box2D/.buckd/resources/HEAD-fdbf043/buck-modules/filebundler.jar'
[2018-12-20 16:12:22.943][debug][command:null][tid:14][org.pf4j.AbstractPluginManager] Use 'org.pf4j.CompoundPluginDescriptorFinder@6db65b7d' to find plugins descriptors
[2018-12-20 16:12:22.943][debug][command:null][tid:14][org.pf4j.AbstractPluginManager] Finding plugin descriptor for plugin '/home/emendoza/CppProjects/Buck/buckaroo-deps/Box2D/.buckd/resources/HEAD-fdbf043/buck-modules/ziprules.jar'
[2018-12-20 16:12:22.944][debug][command:null][tid:14][org.pf4j.CompoundPluginDescriptorFinder] 'org.pf4j.ManifestPluginDescriptorFinder@24f75cf' is applicable for plugin '/home/emendoza/CppProjects/Buck/buckaroo-deps/Box2D/.buckd/resources/HEAD-fdbf043/buck-modules/ziprules.jar'
[2018-12-20 16:12:22.946][debug][command:null][tid:14][org.pf4j.AbstractPluginManager] Found descriptor PluginDescriptor [pluginId=com.facebook.buck.features.zip.rules, pluginClass=com.facebook.buck.features.zip.rules.ZipRulesModuleAdapterPlugin, version=0.0.1, provider=null, dependencies=[PluginDependency [pluginId=com.facebook.buck.features.filebundler, pluginVersionSupport=*]], description=, requires=*, license=null]
[2018-12-20 16:12:22.946][debug][command:null][tid:14][org.pf4j.AbstractPluginManager] Class 'com.facebook.buck.features.zip.rules.ZipRulesModuleAdapterPlugin' for plugin '/home/emendoza/CppProjects/Buck/buckaroo-deps/Box2D/.buckd/resources/HEAD-fdbf043/buck-modules/ziprules.jar'
[2018-12-20 16:12:22.947][debug][command:null][tid:14][org.pf4j.AbstractPluginManager] Loading plugin '/home/emendoza/CppProjects/Buck/buckaroo-deps/Box2D/.buckd/resources/HEAD-fdbf043/buck-modules/ziprules.jar'
[2018-12-20 16:12:22.947][debug][command:null][tid:14][org.pf4j.PluginClassLoader] Add 'file:/home/emendoza/CppProjects/Buck/buckaroo-deps/Box2D/.buckd/resources/HEAD-fdbf043/buck-modules/ziprules.jar'
[2018-12-20 16:12:22.948][debug][command:null][tid:14][org.pf4j.AbstractPluginManager] Loaded plugin '/home/emendoza/CppProjects/Buck/buckaroo-deps/Box2D/.buckd/resources/HEAD-fdbf043/buck-modules/ziprules.jar' with class loader 'org.pf4j.PluginClassLoader@1b181ca2'
[2018-12-20 16:12:22.948][debug][command:null][tid:14][org.pf4j.AbstractPluginManager] Creating wrapper for plugin '/home/emendoza/CppProjects/Buck/buckaroo-deps/Box2D/.buckd/resources/HEAD-fdbf043/buck-modules/ziprules.jar'
[2018-12-20 16:12:22.948][debug][command:null][tid:14][org.pf4j.AbstractPluginManager] Created wrapper 'PluginWrapper [descriptor=PluginDescriptor [pluginId=com.facebook.buck.features.zip.rules, pluginClass=com.facebook.buck.features.zip.rules.ZipRulesModuleAdapterPlugin, version=0.0.1, provider=null, dependencies=[PluginDependency [pluginId=com.facebook.buck.features.filebundler, pluginVersionSupport=*]], description=, requires=*, license=null], pluginPath=/home/emendoza/CppProjects/Buck/buckaroo-deps/Box2D/.buckd/resources/HEAD-fdbf043/buck-modules/ziprules.jar]' for plugin '/home/emendoza/CppProjects/Buck/buckaroo-deps/Box2D/.buckd/resources/HEAD-fdbf043/buck-modules/ziprules.jar'
[2018-12-20 16:12:22.949][debug][command:null][tid:14][org.pf4j.AbstractPluginManager] Use 'org.pf4j.CompoundPluginDescriptorFinder@6db65b7d' to find plugins descriptors
[2018-12-20 16:12:22.949][debug][command:null][tid:14][org.pf4j.AbstractPluginManager] Finding plugin descriptor for plugin '/home/emendoza/CppProjects/Buck/buckaroo-deps/Box2D/.buckd/resources/HEAD-fdbf043/buck-modules/halide.jar'
[2018-12-20 16:12:22.950][debug][command:null][tid:14][org.pf4j.CompoundPluginDescriptorFinder] 'org.pf4j.ManifestPluginDescriptorFinder@24f75cf' is applicable for plugin '/home/emendoza/CppProjects/Buck/buckaroo-deps/Box2D/.buckd/resources/HEAD-fdbf043/buck-modules/halide.jar'
[2018-12-20 16:12:22.951][debug][command:null][tid:14][org.pf4j.AbstractPluginManager] Found descriptor PluginDescriptor [pluginId=com.facebook.buck.features.halide, pluginClass=com.facebook.buck.features.halide.HalideModuleAdapterPlugin, version=0.0.1, provider=null, dependencies=[], description=, requires=*, license=null]
[2018-12-20 16:12:22.951][debug][command:null][tid:14][org.pf4j.AbstractPluginManager] Class 'com.facebook.buck.features.halide.HalideModuleAdapterPlugin' for plugin '/home/emendoza/CppProjects/Buck/buckaroo-deps/Box2D/.buckd/resources/HEAD-fdbf043/buck-modules/halide.jar'
[2018-12-20 16:12:22.951][debug][command:null][tid:14][org.pf4j.AbstractPluginManager] Loading plugin '/home/emendoza/CppProjects/Buck/buckaroo-deps/Box2D/.buckd/resources/HEAD-fdbf043/buck-modules/halide.jar'
[2018-12-20 16:12:22.952][debug][command:null][tid:14][org.pf4j.PluginClassLoader] Add 'file:/home/emendoza/CppProjects/Buck/buckaroo-deps/Box2D/.buckd/resources/HEAD-fdbf043/buck-modules/halide.jar'
[2018-12-20 16:12:22.952][debug][command:null][tid:14][org.pf4j.AbstractPluginManager] Loaded plugin '/home/emendoza/CppProjects/Buck/buckaroo-deps/Box2D/.buckd/resources/HEAD-fdbf043/buck-modules/halide.jar' with class loader 'org.pf4j.PluginClassLoader@719c1bba'
[2018-12-20 16:12:22.953][debug][command:null][tid:14][org.pf4j.AbstractPluginManager] Creating wrapper for plugin '/home/emendoza/CppProjects/Buck/buckaroo-deps/Box2D/.buckd/resources/HEAD-fdbf043/buck-modules/halide.jar'
[2018-12-20 16:12:22.953][debug][command:null][tid:14][org.pf4j.AbstractPluginManager] Created wrapper 'PluginWrapper [descriptor=PluginDescriptor [pluginId=com.facebook.buck.features.halide, pluginClass=com.facebook.buck.features.halide.HalideModuleAdapterPlugin, version=0.0.1, provider=null, dependencies=[], description=, requires=*, license=null], pluginPath=/home/emendoza/CppProjects/Buck/buckaroo-deps/Box2D/.buckd/resources/HEAD-fdbf043/buck-modules/halide.jar]' for plugin '/home/emendoza/CppProjects/Buck/buckaroo-deps/Box2D/.buckd/resources/HEAD-fdbf043/buck-modules/halide.jar'
[2018-12-20 16:12:22.954][debug][command:null][tid:14][org.pf4j.AbstractPluginManager] Use 'org.pf4j.CompoundPluginDescriptorFinder@6db65b7d' to find plugins descriptors
[2018-12-20 16:12:22.954][debug][command:null][tid:14][org.pf4j.AbstractPluginManager] Finding plugin descriptor for plugin '/home/emendoza/CppProjects/Buck/buckaroo-deps/Box2D/.buckd/resources/HEAD-fdbf043/buck-modules/filegroup.jar'
[2018-12-20 16:12:22.955][debug][command:null][tid:14][org.pf4j.CompoundPluginDescriptorFinder] 'org.pf4j.ManifestPluginDescriptorFinder@24f75cf' is applicable for plugin '/home/emendoza/CppProjects/Buck/buckaroo-deps/Box2D/.buckd/resources/HEAD-fdbf043/buck-modules/filegroup.jar'
[2018-12-20 16:12:22.956][debug][command:null][tid:14][org.pf4j.AbstractPluginManager] Found descriptor PluginDescriptor [pluginId=com.facebook.buck.features.filegroup, pluginClass=com.facebook.buck.features.filegroup.FilegroupModuleAdapterPlugin, version=0.0.1, provider=null, dependencies=[PluginDependency [pluginId=com.facebook.buck.features.filebundler, pluginVersionSupport=*]], description=, requires=*, license=null]
[2018-12-20 16:12:22.956][debug][command:null][tid:14][org.pf4j.AbstractPluginManager] Class 'com.facebook.buck.features.filegroup.FilegroupModuleAdapterPlugin' for plugin '/home/emendoza/CppProjects/Buck/buckaroo-deps/Box2D/.buckd/resources/HEAD-fdbf043/buck-modules/filegroup.jar'
[2018-12-20 16:12:22.957][debug][command:null][tid:14][org.pf4j.AbstractPluginManager] Loading plugin '/home/emendoza/CppProjects/Buck/buckaroo-deps/Box2D/.buckd/resources/HEAD-fdbf043/buck-modules/filegroup.jar'
[2018-12-20 16:12:22.957][debug][command:null][tid:14][org.pf4j.PluginClassLoader] Add 'file:/home/emendoza/CppProjects/Buck/buckaroo-deps/Box2D/.buckd/resources/HEAD-fdbf043/buck-modules/filegroup.jar'
[2018-12-20 16:12:22.958][debug][command:null][tid:14][org.pf4j.AbstractPluginManager] Loaded plugin '/home/emendoza/CppProjects/Buck/buckaroo-deps/Box2D/.buckd/resources/HEAD-fdbf043/buck-modules/filegroup.jar' with class loader 'org.pf4j.PluginClassLoader@559a3abc'
[2018-12-20 16:12:22.958][debug][command:null][tid:14][org.pf4j.AbstractPluginManager] Creating wrapper for plugin '/home/emendoza/CppProjects/Buck/buckaroo-deps/Box2D/.buckd/resources/HEAD-fdbf043/buck-modules/filegroup.jar'
[2018-12-20 16:12:22.958][debug][command:null][tid:14][org.pf4j.AbstractPluginManager] Created wrapper 'PluginWrapper [descriptor=PluginDescriptor [pluginId=com.facebook.buck.features.filegroup, pluginClass=com.facebook.buck.features.filegroup.FilegroupModuleAdapterPlugin, version=0.0.1, provider=null, dependencies=[PluginDependency [pluginId=com.facebook.buck.features.filebundler, pluginVersionSupport=*]], description=, requires=*, license=null], pluginPath=/home/emendoza/CppProjects/Buck/buckaroo-deps/Box2D/.buckd/resources/HEAD-fdbf043/buck-modules/filegroup.jar]' for plugin '/home/emendoza/CppProjects/Buck/buckaroo-deps/Box2D/.buckd/resources/HEAD-fdbf043/buck-modules/filegroup.jar'
[2018-12-20 16:12:22.959][debug][command:null][tid:14][org.pf4j.AbstractPluginManager] Use 'org.pf4j.CompoundPluginDescriptorFinder@6db65b7d' to find plugins descriptors
[2018-12-20 16:12:22.959][debug][command:null][tid:14][org.pf4j.AbstractPluginManager] Finding plugin descriptor for plugin '/home/emendoza/CppProjects/Buck/buckaroo-deps/Box2D/.buckd/resources/HEAD-fdbf043/buck-modules/go.jar'
[2018-12-20 16:12:22.959][debug][command:null][tid:14][org.pf4j.CompoundPluginDescriptorFinder] 'org.pf4j.ManifestPluginDescriptorFinder@24f75cf' is applicable for plugin '/home/emendoza/CppProjects/Buck/buckaroo-deps/Box2D/.buckd/resources/HEAD-fdbf043/buck-modules/go.jar'
[2018-12-20 16:12:22.960][debug][command:null][tid:14][org.pf4j.AbstractPluginManager] Found descriptor PluginDescriptor [pluginId=com.facebook.buck.features.go, pluginClass=com.facebook.buck.features.go.GoModuleAdapterPlugin, version=0.0.1, provider=null, dependencies=[], description=, requires=*, license=null]
[2018-12-20 16:12:22.960][debug][command:null][tid:14][org.pf4j.AbstractPluginManager] Class 'com.facebook.buck.features.go.GoModuleAdapterPlugin' for plugin '/home/emendoza/CppProjects/Buck/buckaroo-deps/Box2D/.buckd/resources/HEAD-fdbf043/buck-modules/go.jar'
[2018-12-20 16:12:22.960][debug][command:null][tid:14][org.pf4j.AbstractPluginManager] Loading plugin '/home/emendoza/CppProjects/Buck/buckaroo-deps/Box2D/.buckd/resources/HEAD-fdbf043/buck-modules/go.jar'
[2018-12-20 16:12:22.961][debug][command:null][tid:14][org.pf4j.PluginClassLoader] Add 'file:/home/emendoza/CppProjects/Buck/buckaroo-deps/Box2D/.buckd/resources/HEAD-fdbf043/buck-modules/go.jar'
[2018-12-20 16:12:22.961][debug][command:null][tid:14][org.pf4j.AbstractPluginManager] Loaded plugin '/home/emendoza/CppProjects/Buck/buckaroo-deps/Box2D/.buckd/resources/HEAD-fdbf043/buck-modules/go.jar' with class loader 'org.pf4j.PluginClassLoader@e275cb8'
[2018-12-20 16:12:22.961][debug][command:null][tid:14][org.pf4j.AbstractPluginManager] Creating wrapper for plugin '/home/emendoza/CppProjects/Buck/buckaroo-deps/Box2D/.buckd/resources/HEAD-fdbf043/buck-modules/go.jar'
[2018-12-20 16:12:22.961][debug][command:null][tid:14][org.pf4j.AbstractPluginManager] Created wrapper 'PluginWrapper [descriptor=PluginDescriptor [pluginId=com.facebook.buck.features.go, pluginClass=com.facebook.buck.features.go.GoModuleAdapterPlugin, version=0.0.1, provider=null, dependencies=[], description=, requires=*, license=null], pluginPath=/home/emendoza/CppProjects/Buck/buckaroo-deps/Box2D/.buckd/resources/HEAD-fdbf043/buck-modules/go.jar]' for plugin '/home/emendoza/CppProjects/Buck/buckaroo-deps/Box2D/.buckd/resources/HEAD-fdbf043/buck-modules/go.jar'
[2018-12-20 16:12:22.962][debug][command:null][tid:14][org.pf4j.AbstractPluginManager] Use 'org.pf4j.CompoundPluginDescriptorFinder@6db65b7d' to find plugins descriptors
[2018-12-20 16:12:22.962][debug][command:null][tid:14][org.pf4j.AbstractPluginManager] Finding plugin descriptor for plugin '/home/emendoza/CppProjects/Buck/buckaroo-deps/Box2D/.buckd/resources/HEAD-fdbf043/buck-modules/dotnet.jar'
[2018-12-20 16:12:22.962][debug][command:null][tid:14][org.pf4j.CompoundPluginDescriptorFinder] 'org.pf4j.ManifestPluginDescriptorFinder@24f75cf' is applicable for plugin '/home/emendoza/CppProjects/Buck/buckaroo-deps/Box2D/.buckd/resources/HEAD-fdbf043/buck-modules/dotnet.jar'
[2018-12-20 16:12:22.963][debug][command:null][tid:14][org.pf4j.AbstractPluginManager] Found descriptor PluginDescriptor [pluginId=com.facebook.buck.features.dotnet, pluginClass=com.facebook.buck.features.dotnet.DotnetModuleAdapterPlugin, version=0.0.1, provider=null, dependencies=[], description=, requires=*, license=null]
[2018-12-20 16:12:22.963][debug][command:null][tid:14][org.pf4j.AbstractPluginManager] Class 'com.facebook.buck.features.dotnet.DotnetModuleAdapterPlugin' for plugin '/home/emendoza/CppProjects/Buck/buckaroo-deps/Box2D/.buckd/resources/HEAD-fdbf043/buck-modules/dotnet.jar'
[2018-12-20 16:12:22.963][debug][command:null][tid:14][org.pf4j.AbstractPluginManager] Loading plugin '/home/emendoza/CppProjects/Buck/buckaroo-deps/Box2D/.buckd/resources/HEAD-fdbf043/buck-modules/dotnet.jar'
[2018-12-20 16:12:22.964][debug][command:null][tid:14][org.pf4j.PluginClassLoader] Add 'file:/home/emendoza/CppProjects/Buck/buckaroo-deps/Box2D/.buckd/resources/HEAD-fdbf043/buck-modules/dotnet.jar'
[2018-12-20 16:12:22.964][debug][command:null][tid:14][org.pf4j.AbstractPluginManager] Loaded plugin '/home/emendoza/CppProjects/Buck/buckaroo-deps/Box2D/.buckd/resources/HEAD-fdbf043/buck-modules/dotnet.jar' with class loader 'org.pf4j.PluginClassLoader@413a1816'
[2018-12-20 16:12:22.964][debug][command:null][tid:14][org.pf4j.AbstractPluginManager] Creating wrapper for plugin '/home/emendoza/CppProjects/Buck/buckaroo-deps/Box2D/.buckd/resources/HEAD-fdbf043/buck-modules/dotnet.jar'
[2018-12-20 16:12:22.964][debug][command:null][tid:14][org.pf4j.AbstractPluginManager] Created wrapper 'PluginWrapper [descriptor=PluginDescriptor [pluginId=com.facebook.buck.features.dotnet, pluginClass=com.facebook.buck.features.dotnet.DotnetModuleAdapterPlugin, version=0.0.1, provider=null, dependencies=[], description=, requires=*, license=null], pluginPath=/home/emendoza/CppProjects/Buck/buckaroo-deps/Box2D/.buckd/resources/HEAD-fdbf043/buck-modules/dotnet.jar]' for plugin '/home/emendoza/CppProjects/Buck/buckaroo-deps/Box2D/.buckd/resources/HEAD-fdbf043/buck-modules/dotnet.jar'
[2018-12-20 16:12:22.965][debug][command:null][tid:14][org.pf4j.AbstractPluginManager] Use 'org.pf4j.CompoundPluginDescriptorFinder@6db65b7d' to find plugins descriptors
[2018-12-20 16:12:22.965][debug][command:null][tid:14][org.pf4j.AbstractPluginManager] Finding plugin descriptor for plugin '/home/emendoza/CppProjects/Buck/buckaroo-deps/Box2D/.buckd/resources/HEAD-fdbf043/buck-modules/intellij.jar'
[2018-12-20 16:12:22.965][debug][command:null][tid:14][org.pf4j.CompoundPluginDescriptorFinder] 'org.pf4j.ManifestPluginDescriptorFinder@24f75cf' is applicable for plugin '/home/emendoza/CppProjects/Buck/buckaroo-deps/Box2D/.buckd/resources/HEAD-fdbf043/buck-modules/intellij.jar'
[2018-12-20 16:12:22.966][debug][command:null][tid:14][org.pf4j.AbstractPluginManager] Found descriptor PluginDescriptor [pluginId=com.facebook.buck.features.project.intellij, pluginClass=com.facebook.buck.features.project.intellij.IjBuckModuleAdapterPlugin, version=0.0.1, provider=null, dependencies=[PluginDependency [pluginId=com.facebook.buck.features.python, pluginVersionSupport=*]], description=, requires=*, license=null]
[2018-12-20 16:12:22.966][debug][command:null][tid:14][org.pf4j.AbstractPluginManager] Class 'com.facebook.buck.features.project.intellij.IjBuckModuleAdapterPlugin' for plugin '/home/emendoza/CppProjects/Buck/buckaroo-deps/Box2D/.buckd/resources/HEAD-fdbf043/buck-modules/intellij.jar'
[2018-12-20 16:12:22.966][debug][command:null][tid:14][org.pf4j.AbstractPluginManager] Loading plugin '/home/emendoza/CppProjects/Buck/buckaroo-deps/Box2D/.buckd/resources/HEAD-fdbf043/buck-modules/intellij.jar'
[2018-12-20 16:12:22.967][debug][command:null][tid:14][org.pf4j.PluginClassLoader] Add 'file:/home/emendoza/CppProjects/Buck/buckaroo-deps/Box2D/.buckd/resources/HEAD-fdbf043/buck-modules/intellij.jar'
[2018-12-20 16:12:22.967][debug][command:null][tid:14][org.pf4j.AbstractPluginManager] Loaded plugin '/home/emendoza/CppProjects/Buck/buckaroo-deps/Box2D/.buckd/resources/HEAD-fdbf043/buck-modules/intellij.jar' with class loader 'org.pf4j.PluginClassLoader@2684d2ee'
[2018-12-20 16:12:22.967][debug][command:null][tid:14][org.pf4j.AbstractPluginManager] Creating wrapper for plugin '/home/emendoza/CppProjects/Buck/buckaroo-deps/Box2D/.buckd/resources/HEAD-fdbf043/buck-modules/intellij.jar'
[2018-12-20 16:12:22.967][debug][command:null][tid:14][org.pf4j.AbstractPluginManager] Created wrapper 'PluginWrapper [descriptor=PluginDescriptor [pluginId=com.facebook.buck.features.project.intellij, pluginClass=com.facebook.buck.features.project.intellij.IjBuckModuleAdapterPlugin, version=0.0.1, provider=null, dependencies=[PluginDependency [pluginId=com.facebook.buck.features.python, pluginVersionSupport=*]], description=, requires=*, license=null], pluginPath=/home/emendoza/CppProjects/Buck/buckaroo-deps/Box2D/.buckd/resources/HEAD-fdbf043/buck-modules/intellij.jar]' for plugin '/home/emendoza/CppProjects/Buck/buckaroo-deps/Box2D/.buckd/resources/HEAD-fdbf043/buck-modules/intellij.jar'
[2018-12-20 16:12:22.968][debug][command:null][tid:14][org.pf4j.AbstractPluginManager] Use 'org.pf4j.CompoundPluginDescriptorFinder@6db65b7d' to find plugins descriptors
[2018-12-20 16:12:22.968][debug][command:null][tid:14][org.pf4j.AbstractPluginManager] Finding plugin descriptor for plugin '/home/emendoza/CppProjects/Buck/buckaroo-deps/Box2D/.buckd/resources/HEAD-fdbf043/buck-modules/gwt.jar'
[2018-12-20 16:12:22.968][debug][command:null][tid:14][org.pf4j.CompoundPluginDescriptorFinder] 'org.pf4j.ManifestPluginDescriptorFinder@24f75cf' is applicable for plugin '/home/emendoza/CppProjects/Buck/buckaroo-deps/Box2D/.buckd/resources/HEAD-fdbf043/buck-modules/gwt.jar'
[2018-12-20 16:12:22.969][debug][command:null][tid:14][org.pf4j.AbstractPluginManager] Found descriptor PluginDescriptor [pluginId=com.facebook.buck.features.gwt, pluginClass=com.facebook.buck.features.gwt.GwtBuckModuleAdapterPlugin, version=0.0.1, provider=null, dependencies=[], description=, requires=*, license=null]
[2018-12-20 16:12:22.970][debug][command:null][tid:14][org.pf4j.AbstractPluginManager] Class 'com.facebook.buck.features.gwt.GwtBuckModuleAdapterPlugin' for plugin '/home/emendoza/CppProjects/Buck/buckaroo-deps/Box2D/.buckd/resources/HEAD-fdbf043/buck-modules/gwt.jar'
[2018-12-20 16:12:22.970][debug][command:null][tid:14][org.pf4j.AbstractPluginManager] Loading plugin '/home/emendoza/CppProjects/Buck/buckaroo-deps/Box2D/.buckd/resources/HEAD-fdbf043/buck-modules/gwt.jar'
[2018-12-20 16:12:22.970][debug][command:null][tid:14][org.pf4j.PluginClassLoader] Add 'file:/home/emendoza/CppProjects/Buck/buckaroo-deps/Box2D/.buckd/resources/HEAD-fdbf043/buck-modules/gwt.jar'
[2018-12-20 16:12:22.970][debug][command:null][tid:14][org.pf4j.AbstractPluginManager] Loaded plugin '/home/emendoza/CppProjects/Buck/buckaroo-deps/Box2D/.buckd/resources/HEAD-fdbf043/buck-modules/gwt.jar' with class loader 'org.pf4j.PluginClassLoader@5e9371ac'
[2018-12-20 16:12:22.971][debug][command:null][tid:14][org.pf4j.AbstractPluginManager] Creating wrapper for plugin '/home/emendoza/CppProjects/Buck/buckaroo-deps/Box2D/.buckd/resources/HEAD-fdbf043/buck-modules/gwt.jar'
[2018-12-20 16:12:22.971][debug][command:null][tid:14][org.pf4j.AbstractPluginManager] Created wrapper 'PluginWrapper [descriptor=PluginDescriptor [pluginId=com.facebook.buck.features.gwt, pluginClass=com.facebook.buck.features.gwt.GwtBuckModuleAdapterPlugin, version=0.0.1, provider=null, dependencies=[], description=, requires=*, license=null], pluginPath=/home/emendoza/CppProjects/Buck/buckaroo-deps/Box2D/.buckd/resources/HEAD-fdbf043/buck-modules/gwt.jar]' for plugin '/home/emendoza/CppProjects/Buck/buckaroo-deps/Box2D/.buckd/resources/HEAD-fdbf043/buck-modules/gwt.jar'
[2018-12-20 16:12:22.971][debug][command:null][tid:14][org.pf4j.AbstractPluginManager] Use 'org.pf4j.CompoundPluginDescriptorFinder@6db65b7d' to find plugins descriptors
[2018-12-20 16:12:22.971][debug][command:null][tid:14][org.pf4j.AbstractPluginManager] Finding plugin descriptor for plugin '/home/emendoza/CppProjects/Buck/buckaroo-deps/Box2D/.buckd/resources/HEAD-fdbf043/buck-modules/python.jar'
[2018-12-20 16:12:22.972][debug][command:null][tid:14][org.pf4j.CompoundPluginDescriptorFinder] 'org.pf4j.ManifestPluginDescriptorFinder@24f75cf' is applicable for plugin '/home/emendoza/CppProjects/Buck/buckaroo-deps/Box2D/.buckd/resources/HEAD-fdbf043/buck-modules/python.jar'
[2018-12-20 16:12:22.972][debug][command:null][tid:14][org.pf4j.AbstractPluginManager] Found descriptor PluginDescriptor [pluginId=com.facebook.buck.features.python, pluginClass=com.facebook.buck.features.python.PythonModuleAdapterPlugin, version=0.0.1, provider=null, dependencies=[], description=, requires=*, license=null]
[2018-12-20 16:12:22.973][debug][command:null][tid:14][org.pf4j.AbstractPluginManager] Class 'com.facebook.buck.features.python.PythonModuleAdapterPlugin' for plugin '/home/emendoza/CppProjects/Buck/buckaroo-deps/Box2D/.buckd/resources/HEAD-fdbf043/buck-modules/python.jar'
[2018-12-20 16:12:22.973][debug][command:null][tid:14][org.pf4j.AbstractPluginManager] Loading plugin '/home/emendoza/CppProjects/Buck/buckaroo-deps/Box2D/.buckd/resources/HEAD-fdbf043/buck-modules/python.jar'
[2018-12-20 16:12:22.973][debug][command:null][tid:14][org.pf4j.PluginClassLoader] Add 'file:/home/emendoza/CppProjects/Buck/buckaroo-deps/Box2D/.buckd/resources/HEAD-fdbf043/buck-modules/python.jar'
[2018-12-20 16:12:22.974][debug][command:null][tid:14][org.pf4j.AbstractPluginManager] Loaded plugin '/home/emendoza/CppProjects/Buck/buckaroo-deps/Box2D/.buckd/resources/HEAD-fdbf043/buck-modules/python.jar' with class loader 'org.pf4j.PluginClassLoader@178235f0'
[2018-12-20 16:12:22.974][debug][command:null][tid:14][org.pf4j.AbstractPluginManager] Creating wrapper for plugin '/home/emendoza/CppProjects/Buck/buckaroo-deps/Box2D/.buckd/resources/HEAD-fdbf043/buck-modules/python.jar'
[2018-12-20 16:12:22.974][debug][command:null][tid:14][org.pf4j.AbstractPluginManager] Created wrapper 'PluginWrapper [descriptor=PluginDescriptor [pluginId=com.facebook.buck.features.python, pluginClass=com.facebook.buck.features.python.PythonModuleAdapterPlugin, version=0.0.1, provider=null, dependencies=[], description=, requires=*, license=null], pluginPath=/home/emendoza/CppProjects/Buck/buckaroo-deps/Box2D/.buckd/resources/HEAD-fdbf043/buck-modules/python.jar]' for plugin '/home/emendoza/CppProjects/Buck/buckaroo-deps/Box2D/.buckd/resources/HEAD-fdbf043/buck-modules/python.jar'
[2018-12-20 16:12:22.974][debug][command:null][tid:14][org.pf4j.AbstractPluginManager] Use 'org.pf4j.CompoundPluginDescriptorFinder@6db65b7d' to find plugins descriptors
[2018-12-20 16:12:22.974][debug][command:null][tid:14][org.pf4j.AbstractPluginManager] Finding plugin descriptor for plugin '/home/emendoza/CppProjects/Buck/buckaroo-deps/Box2D/.buckd/resources/HEAD-fdbf043/buck-modules/haskell.jar'
[2018-12-20 16:12:22.975][debug][command:null][tid:14][org.pf4j.CompoundPluginDescriptorFinder] 'org.pf4j.ManifestPluginDescriptorFinder@24f75cf' is applicable for plugin '/home/emendoza/CppProjects/Buck/buckaroo-deps/Box2D/.buckd/resources/HEAD-fdbf043/buck-modules/haskell.jar'
[2018-12-20 16:12:22.975][debug][command:null][tid:14][org.pf4j.AbstractPluginManager] Found descriptor PluginDescriptor [pluginId=com.facebook.buck.features.haskell, pluginClass=com.facebook.buck.features.haskell.HaskellModuleAdapterPlugin, version=0.0.1, provider=null, dependencies=[], description=, requires=*, license=null]
[2018-12-20 16:12:22.976][debug][command:null][tid:14][org.pf4j.AbstractPluginManager] Class 'com.facebook.buck.features.haskell.HaskellModuleAdapterPlugin' for plugin '/home/emendoza/CppProjects/Buck/buckaroo-deps/Box2D/.buckd/resources/HEAD-fdbf043/buck-modules/haskell.jar'
[2018-12-20 16:12:22.976][debug][command:null][tid:14][org.pf4j.AbstractPluginManager] Loading plugin '/home/emendoza/CppProjects/Buck/buckaroo-deps/Box2D/.buckd/resources/HEAD-fdbf043/buck-modules/haskell.jar'
[2018-12-20 16:12:22.976][debug][command:null][tid:14][org.pf4j.PluginClassLoader] Add 'file:/home/emendoza/CppProjects/Buck/buckaroo-deps/Box2D/.buckd/resources/HEAD-fdbf043/buck-modules/haskell.jar'
[2018-12-20 16:12:22.976][debug][command:null][tid:14][org.pf4j.AbstractPluginManager] Loaded plugin '/home/emendoza/CppProjects/Buck/buckaroo-deps/Box2D/.buckd/resources/HEAD-fdbf043/buck-modules/haskell.jar' with class loader 'org.pf4j.PluginClassLoader@1f32f10d'
[2018-12-20 16:12:22.976][debug][command:null][tid:14][org.pf4j.AbstractPluginManager] Creating wrapper for plugin '/home/emendoza/CppProjects/Buck/buckaroo-deps/Box2D/.buckd/resources/HEAD-fdbf043/buck-modules/haskell.jar'
[2018-12-20 16:12:22.977][debug][command:null][tid:14][org.pf4j.AbstractPluginManager] Created wrapper 'PluginWrapper [descriptor=PluginDescriptor [pluginId=com.facebook.buck.features.haskell, pluginClass=com.facebook.buck.features.haskell.HaskellModuleAdapterPlugin, version=0.0.1, provider=null, dependencies=[], description=, requires=*, license=null], pluginPath=/home/emendoza/CppProjects/Buck/buckaroo-deps/Box2D/.buckd/resources/HEAD-fdbf043/buck-modules/haskell.jar]' for plugin '/home/emendoza/CppProjects/Buck/buckaroo-deps/Box2D/.buckd/resources/HEAD-fdbf043/buck-modules/haskell.jar'
[2018-12-20 16:12:22.977][debug][command:null][tid:14][org.pf4j.AbstractPluginManager] Use 'org.pf4j.CompoundPluginDescriptorFinder@6db65b7d' to find plugins descriptors
[2018-12-20 16:12:22.977][debug][command:null][tid:14][org.pf4j.AbstractPluginManager] Finding plugin descriptor for plugin '/home/emendoza/CppProjects/Buck/buckaroo-deps/Box2D/.buckd/resources/HEAD-fdbf043/buck-modules/ocaml.jar'
[2018-12-20 16:12:22.978][debug][command:null][tid:14][org.pf4j.CompoundPluginDescriptorFinder] 'org.pf4j.ManifestPluginDescriptorFinder@24f75cf' is applicable for plugin '/home/emendoza/CppProjects/Buck/buckaroo-deps/Box2D/.buckd/resources/HEAD-fdbf043/buck-modules/ocaml.jar'
[2018-12-20 16:12:22.978][debug][command:null][tid:14][org.pf4j.AbstractPluginManager] Found descriptor PluginDescriptor [pluginId=com.facebook.buck.features.ocaml, pluginClass=com.facebook.buck.features.ocaml.OcamlModuleAdapterPlugin, version=0.0.1, provider=null, dependencies=[], description=, requires=*, license=null]
[2018-12-20 16:12:22.979][debug][command:null][tid:14][org.pf4j.AbstractPluginManager] Class 'com.facebook.buck.features.ocaml.OcamlModuleAdapterPlugin' for plugin '/home/emendoza/CppProjects/Buck/buckaroo-deps/Box2D/.buckd/resources/HEAD-fdbf043/buck-modules/ocaml.jar'
[2018-12-20 16:12:22.979][debug][command:null][tid:14][org.pf4j.AbstractPluginManager] Loading plugin '/home/emendoza/CppProjects/Buck/buckaroo-deps/Box2D/.buckd/resources/HEAD-fdbf043/buck-modules/ocaml.jar'
[2018-12-20 16:12:22.979][debug][command:null][tid:14][org.pf4j.PluginClassLoader] Add 'file:/home/emendoza/CppProjects/Buck/buckaroo-deps/Box2D/.buckd/resources/HEAD-fdbf043/buck-modules/ocaml.jar'
[2018-12-20 16:12:22.979][debug][command:null][tid:14][org.pf4j.AbstractPluginManager] Loaded plugin '/home/emendoza/CppProjects/Buck/buckaroo-deps/Box2D/.buckd/resources/HEAD-fdbf043/buck-modules/ocaml.jar' with class loader 'org.pf4j.PluginClassLoader@4d0d2164'
[2018-12-20 16:12:22.980][debug][command:null][tid:14][org.pf4j.AbstractPluginManager] Creating wrapper for plugin '/home/emendoza/CppProjects/Buck/buckaroo-deps/Box2D/.buckd/resources/HEAD-fdbf043/buck-modules/ocaml.jar'
[2018-12-20 16:12:22.980][debug][command:null][tid:14][org.pf4j.AbstractPluginManager] Created wrapper 'PluginWrapper [descriptor=PluginDescriptor [pluginId=com.facebook.buck.features.ocaml, pluginClass=com.facebook.buck.features.ocaml.OcamlModuleAdapterPlugin, version=0.0.1, provider=null, dependencies=[], description=, requires=*, license=null], pluginPath=/home/emendoza/CppProjects/Buck/buckaroo-deps/Box2D/.buckd/resources/HEAD-fdbf043/buck-modules/ocaml.jar]' for plugin '/home/emendoza/CppProjects/Buck/buckaroo-deps/Box2D/.buckd/resources/HEAD-fdbf043/buck-modules/ocaml.jar'
[2018-12-20 16:12:22.980][debug][command:null][tid:14][org.pf4j.AbstractPluginManager] Use 'org.pf4j.CompoundPluginDescriptorFinder@6db65b7d' to find plugins descriptors
[2018-12-20 16:12:22.981][debug][command:null][tid:14][org.pf4j.AbstractPluginManager] Finding plugin descriptor for plugin '/home/emendoza/CppProjects/Buck/buckaroo-deps/Box2D/.buckd/resources/HEAD-fdbf043/buck-modules/js.jar'
[2018-12-20 16:12:22.981][debug][command:null][tid:14][org.pf4j.CompoundPluginDescriptorFinder] 'org.pf4j.ManifestPluginDescriptorFinder@24f75cf' is applicable for plugin '/home/emendoza/CppProjects/Buck/buckaroo-deps/Box2D/.buckd/resources/HEAD-fdbf043/buck-modules/js.jar'
[2018-12-20 16:12:22.997][debug][command:null][tid:14][org.pf4j.AbstractPluginManager] Found descriptor PluginDescriptor [pluginId=com.facebook.buck.features.js, pluginClass=com.facebook.buck.features.js.JsModuleAdapterPlugin, version=0.0.1, provider=null, dependencies=[], description=, requires=*, license=null]
[2018-12-20 16:12:22.998][debug][command:null][tid:14][org.pf4j.AbstractPluginManager] Class 'com.facebook.buck.features.js.JsModuleAdapterPlugin' for plugin '/home/emendoza/CppProjects/Buck/buckaroo-deps/Box2D/.buckd/resources/HEAD-fdbf043/buck-modules/js.jar'
[2018-12-20 16:12:22.998][debug][command:null][tid:14][org.pf4j.AbstractPluginManager] Loading plugin '/home/emendoza/CppProjects/Buck/buckaroo-deps/Box2D/.buckd/resources/HEAD-fdbf043/buck-modules/js.jar'
[2018-12-20 16:12:22.998][debug][command:null][tid:14][org.pf4j.PluginClassLoader] Add 'file:/home/emendoza/CppProjects/Buck/buckaroo-deps/Box2D/.buckd/resources/HEAD-fdbf043/buck-modules/js.jar'
[2018-12-20 16:12:22.999][debug][command:null][tid:14][org.pf4j.AbstractPluginManager] Loaded plugin '/home/emendoza/CppProjects/Buck/buckaroo-deps/Box2D/.buckd/resources/HEAD-fdbf043/buck-modules/js.jar' with class loader 'org.pf4j.PluginClassLoader@64e34363'
[2018-12-20 16:12:22.999][debug][command:null][tid:14][org.pf4j.AbstractPluginManager] Creating wrapper for plugin '/home/emendoza/CppProjects/Buck/buckaroo-deps/Box2D/.buckd/resources/HEAD-fdbf043/buck-modules/js.jar'
[2018-12-20 16:12:22.999][debug][command:null][tid:14][org.pf4j.AbstractPluginManager] Created wrapper 'PluginWrapper [descriptor=PluginDescriptor [pluginId=com.facebook.buck.features.js, pluginClass=com.facebook.buck.features.js.JsModuleAdapterPlugin, version=0.0.1, provider=null, dependencies=[], description=, requires=*, license=null], pluginPath=/home/emendoza/CppProjects/Buck/buckaroo-deps/Box2D/.buckd/resources/HEAD-fdbf043/buck-modules/js.jar]' for plugin '/home/emendoza/CppProjects/Buck/buckaroo-deps/Box2D/.buckd/resources/HEAD-fdbf043/buck-modules/js.jar'
[2018-12-20 16:12:23.000][debug][command:null][tid:14][org.pf4j.AbstractPluginManager] Use 'org.pf4j.CompoundPluginDescriptorFinder@6db65b7d' to find plugins descriptors
[2018-12-20 16:12:23.000][debug][command:null][tid:14][org.pf4j.AbstractPluginManager] Finding plugin descriptor for plugin '/home/emendoza/CppProjects/Buck/buckaroo-deps/Box2D/.buckd/resources/HEAD-fdbf043/buck-modules/rust.jar'
[2018-12-20 16:12:23.001][debug][command:null][tid:14][org.pf4j.CompoundPluginDescriptorFinder] 'org.pf4j.ManifestPluginDescriptorFinder@24f75cf' is applicable for plugin '/home/emendoza/CppProjects/Buck/buckaroo-deps/Box2D/.buckd/resources/HEAD-fdbf043/buck-modules/rust.jar'
[2018-12-20 16:12:23.002][debug][command:null][tid:14][org.pf4j.AbstractPluginManager] Found descriptor PluginDescriptor [pluginId=com.facebook.buck.features.rust, pluginClass=com.facebook.buck.features.rust.RustModuleAdapterPlugin, version=0.0.1, provider=null, dependencies=[], description=, requires=*, license=null]
[2018-12-20 16:12:23.003][debug][command:null][tid:14][org.pf4j.AbstractPluginManager] Class 'com.facebook.buck.features.rust.RustModuleAdapterPlugin' for plugin '/home/emendoza/CppProjects/Buck/buckaroo-deps/Box2D/.buckd/resources/HEAD-fdbf043/buck-modules/rust.jar'
[2018-12-20 16:12:23.003][debug][command:null][tid:14][org.pf4j.AbstractPluginManager] Loading plugin '/home/emendoza/CppProjects/Buck/buckaroo-deps/Box2D/.buckd/resources/HEAD-fdbf043/buck-modules/rust.jar'
[2018-12-20 16:12:23.004][debug][command:null][tid:14][org.pf4j.PluginClassLoader] Add 'file:/home/emendoza/CppProjects/Buck/buckaroo-deps/Box2D/.buckd/resources/HEAD-fdbf043/buck-modules/rust.jar'
[2018-12-20 16:12:23.004][debug][command:null][tid:14][org.pf4j.AbstractPluginManager] Loaded plugin '/home/emendoza/CppProjects/Buck/buckaroo-deps/Box2D/.buckd/resources/HEAD-fdbf043/buck-modules/rust.jar' with class loader 'org.pf4j.PluginClassLoader@600f67f4'
[2018-12-20 16:12:23.005][debug][command:null][tid:14][org.pf4j.AbstractPluginManager] Creating wrapper for plugin '/home/emendoza/CppProjects/Buck/buckaroo-deps/Box2D/.buckd/resources/HEAD-fdbf043/buck-modules/rust.jar'
[2018-12-20 16:12:23.005][debug][command:null][tid:14][org.pf4j.AbstractPluginManager] Created wrapper 'PluginWrapper [descriptor=PluginDescriptor [pluginId=com.facebook.buck.features.rust, pluginClass=com.facebook.buck.features.rust.RustModuleAdapterPlugin, version=0.0.1, provider=null, dependencies=[], description=, requires=*, license=null], pluginPath=/home/emendoza/CppProjects/Buck/buckaroo-deps/Box2D/.buckd/resources/HEAD-fdbf043/buck-modules/rust.jar]' for plugin '/home/emendoza/CppProjects/Buck/buckaroo-deps/Box2D/.buckd/resources/HEAD-fdbf043/buck-modules/rust.jar'
[2018-12-20 16:12:23.006][debug][command:null][tid:14][org.pf4j.AbstractPluginManager] Use 'org.pf4j.CompoundPluginDescriptorFinder@6db65b7d' to find plugins descriptors
[2018-12-20 16:12:23.011][debug][command:null][tid:14][org.pf4j.AbstractPluginManager] Finding plugin descriptor for plugin '/home/emendoza/CppProjects/Buck/buckaroo-deps/Box2D/.buckd/resources/HEAD-fdbf043/buck-modules/xcode.jar'
[2018-12-20 16:12:23.012][debug][command:null][tid:14][org.pf4j.CompoundPluginDescriptorFinder] 'org.pf4j.ManifestPluginDescriptorFinder@24f75cf' is applicable for plugin '/home/emendoza/CppProjects/Buck/buckaroo-deps/Box2D/.buckd/resources/HEAD-fdbf043/buck-modules/xcode.jar'
[2018-12-20 16:12:23.012][debug][command:null][tid:14][org.pf4j.AbstractPluginManager] Found descriptor PluginDescriptor [pluginId=com.facebook.buck.features.apple.project, pluginClass=com.facebook.buck.features.apple.project.XCodeBuckModuleAdapterPlugin, version=0.0.1, provider=null, dependencies=[PluginDependency [pluginId=com.facebook.buck.features.halide, pluginVersionSupport=*], PluginDependency [pluginId=com.facebook.buck.features.js, pluginVersionSupport=*]], description=, requires=*, license=null]
[2018-12-20 16:12:23.013][debug][command:null][tid:14][org.pf4j.AbstractPluginManager] Class 'com.facebook.buck.features.apple.project.XCodeBuckModuleAdapterPlugin' for plugin '/home/emendoza/CppProjects/Buck/buckaroo-deps/Box2D/.buckd/resources/HEAD-fdbf043/buck-modules/xcode.jar'
[2018-12-20 16:12:23.013][debug][command:null][tid:14][org.pf4j.AbstractPluginManager] Loading plugin '/home/emendoza/CppProjects/Buck/buckaroo-deps/Box2D/.buckd/resources/HEAD-fdbf043/buck-modules/xcode.jar'
[2018-12-20 16:12:23.014][debug][command:null][tid:14][org.pf4j.PluginClassLoader] Add 'file:/home/emendoza/CppProjects/Buck/buckaroo-deps/Box2D/.buckd/resources/HEAD-fdbf043/buck-modules/xcode.jar'
[2018-12-20 16:12:23.014][debug][command:null][tid:14][org.pf4j.AbstractPluginManager] Loaded plugin '/home/emendoza/CppProjects/Buck/buckaroo-deps/Box2D/.buckd/resources/HEAD-fdbf043/buck-modules/xcode.jar' with class loader 'org.pf4j.PluginClassLoader@60d9d160'
[2018-12-20 16:12:23.014][debug][command:null][tid:14][org.pf4j.AbstractPluginManager] Creating wrapper for plugin '/home/emendoza/CppProjects/Buck/buckaroo-deps/Box2D/.buckd/resources/HEAD-fdbf043/buck-modules/xcode.jar'
[2018-12-20 16:12:23.015][debug][command:null][tid:14][org.pf4j.AbstractPluginManager] Created wrapper 'PluginWrapper [descriptor=PluginDescriptor [pluginId=com.facebook.buck.features.apple.project, pluginClass=com.facebook.buck.features.apple.project.XCodeBuckModuleAdapterPlugin, version=0.0.1, provider=null, dependencies=[PluginDependency [pluginId=com.facebook.buck.features.halide, pluginVersionSupport=*], PluginDependency [pluginId=com.facebook.buck.features.js, pluginVersionSupport=*]], description=, requires=*, license=null], pluginPath=/home/emendoza/CppProjects/Buck/buckaroo-deps/Box2D/.buckd/resources/HEAD-fdbf043/buck-modules/xcode.jar]' for plugin '/home/emendoza/CppProjects/Buck/buckaroo-deps/Box2D/.buckd/resources/HEAD-fdbf043/buck-modules/xcode.jar'
[2018-12-20 16:12:23.015][debug][command:null][tid:14][org.pf4j.AbstractPluginManager] Use 'org.pf4j.CompoundPluginDescriptorFinder@6db65b7d' to find plugins descriptors
[2018-12-20 16:12:23.016][debug][command:null][tid:14][org.pf4j.AbstractPluginManager] Finding plugin descriptor for plugin '/home/emendoza/CppProjects/Buck/buckaroo-deps/Box2D/.buckd/resources/HEAD-fdbf043/buck-modules/lua.jar'
[2018-12-20 16:12:23.016][debug][command:null][tid:14][org.pf4j.CompoundPluginDescriptorFinder] 'org.pf4j.ManifestPluginDescriptorFinder@24f75cf' is applicable for plugin '/home/emendoza/CppProjects/Buck/buckaroo-deps/Box2D/.buckd/resources/HEAD-fdbf043/buck-modules/lua.jar'
[2018-12-20 16:12:23.017][debug][command:null][tid:14][org.pf4j.AbstractPluginManager] Found descriptor PluginDescriptor [pluginId=com.facebook.buck.features.lua, pluginClass=com.facebook.buck.features.lua.LuaModuleAdapterPlugin, version=0.0.1, provider=null, dependencies=[PluginDependency [pluginId=com.facebook.buck.features.python, pluginVersionSupport=*]], description=, requires=*, license=null]
[2018-12-20 16:12:23.017][debug][command:null][tid:14][org.pf4j.AbstractPluginManager] Class 'com.facebook.buck.features.lua.LuaModuleAdapterPlugin' for plugin '/home/emendoza/CppProjects/Buck/buckaroo-deps/Box2D/.buckd/resources/HEAD-fdbf043/buck-modules/lua.jar'
[2018-12-20 16:12:23.018][debug][command:null][tid:14][org.pf4j.AbstractPluginManager] Loading plugin '/home/emendoza/CppProjects/Buck/buckaroo-deps/Box2D/.buckd/resources/HEAD-fdbf043/buck-modules/lua.jar'
[2018-12-20 16:12:23.018][debug][command:null][tid:14][org.pf4j.PluginClassLoader] Add 'file:/home/emendoza/CppProjects/Buck/buckaroo-deps/Box2D/.buckd/resources/HEAD-fdbf043/buck-modules/lua.jar'
[2018-12-20 16:12:23.019][debug][command:null][tid:14][org.pf4j.AbstractPluginManager] Loaded plugin '/home/emendoza/CppProjects/Buck/buckaroo-deps/Box2D/.buckd/resources/HEAD-fdbf043/buck-modules/lua.jar' with class loader 'org.pf4j.PluginClassLoader@49f99f0e'
[2018-12-20 16:12:23.019][debug][command:null][tid:14][org.pf4j.AbstractPluginManager] Creating wrapper for plugin '/home/emendoza/CppProjects/Buck/buckaroo-deps/Box2D/.buckd/resources/HEAD-fdbf043/buck-modules/lua.jar'
[2018-12-20 16:12:23.019][debug][command:null][tid:14][org.pf4j.AbstractPluginManager] Created wrapper 'PluginWrapper [descriptor=PluginDescriptor [pluginId=com.facebook.buck.features.lua, pluginClass=com.facebook.buck.features.lua.LuaModuleAdapterPlugin, version=0.0.1, provider=null, dependencies=[PluginDependency [pluginId=com.facebook.buck.features.python, pluginVersionSupport=*]], description=, requires=*, license=null], pluginPath=/home/emendoza/CppProjects/Buck/buckaroo-deps/Box2D/.buckd/resources/HEAD-fdbf043/buck-modules/lua.jar]' for plugin '/home/emendoza/CppProjects/Buck/buckaroo-deps/Box2D/.buckd/resources/HEAD-fdbf043/buck-modules/lua.jar'
[2018-12-20 16:12:23.021][debug][command:null][tid:14][org.pf4j.DependencyResolver] Graph: 
   com.facebook.buck.features.go -> []
   com.facebook.buck.features.lua -> [com.facebook.buck.features.python]
   com.facebook.buck.features.rust -> []
   com.facebook.buck.features.zip.rules -> [com.facebook.buck.features.filebundler]
   com.facebook.buck.features.js -> []
   com.facebook.buck.features.dotnet -> []
   com.facebook.buck.features.haskell -> []
   com.facebook.buck.features.ocaml -> []
   com.facebook.buck.features.d -> []
   com.facebook.buck.features.apple.project -> [com.facebook.buck.features.halide, com.facebook.buck.features.js]
   com.facebook.buck.features.filegroup -> [com.facebook.buck.features.filebundler]
   com.facebook.buck.features.gwt -> []
   com.facebook.buck.features.filebundler -> []
   com.facebook.buck.features.python -> []
   com.facebook.buck.features.project.intellij -> [com.facebook.buck.features.python]
   com.facebook.buck.features.halide -> []
[2018-12-20 16:12:23.022][debug][command:null][tid:14][org.pf4j.DependencyResolver] Plugins order: [com.facebook.buck.features.go, com.facebook.buck.features.python, com.facebook.buck.features.lua, com.facebook.buck.features.rust, com.facebook.buck.features.filebundler, com.facebook.buck.features.zip.rules, com.facebook.buck.features.dotnet, com.facebook.buck.features.haskell, com.facebook.buck.features.ocaml, com.facebook.buck.features.d, com.facebook.buck.features.halide, com.facebook.buck.features.js, com.facebook.buck.features.apple.project, com.facebook.buck.features.filegroup, com.facebook.buck.features.gwt, com.facebook.buck.features.project.intellij]
[2018-12-20 16:12:23.022][info ][command:null][tid:14][org.pf4j.AbstractPluginManager] Plugin 'com.facebook.buck.features.go@0.0.1' resolved
[2018-12-20 16:12:23.023][info ][command:null][tid:14][org.pf4j.AbstractPluginManager] Plugin 'com.facebook.buck.features.python@0.0.1' resolved
[2018-12-20 16:12:23.023][info ][command:null][tid:14][org.pf4j.AbstractPluginManager] Plugin 'com.facebook.buck.features.lua@0.0.1' resolved
[2018-12-20 16:12:23.023][info ][command:null][tid:14][org.pf4j.AbstractPluginManager] Plugin 'com.facebook.buck.features.rust@0.0.1' resolved
[2018-12-20 16:12:23.023][info ][command:null][tid:14][org.pf4j.AbstractPluginManager] Plugin 'com.facebook.buck.features.filebundler@0.0.1' resolved
[2018-12-20 16:12:23.023][info ][command:null][tid:14][org.pf4j.AbstractPluginManager] Plugin 'com.facebook.buck.features.zip.rules@0.0.1' resolved
[2018-12-20 16:12:23.024][info ][command:null][tid:14][org.pf4j.AbstractPluginManager] Plugin 'com.facebook.buck.features.dotnet@0.0.1' resolved
[2018-12-20 16:12:23.024][info ][command:null][tid:14][org.pf4j.AbstractPluginManager] Plugin 'com.facebook.buck.features.haskell@0.0.1' resolved
[2018-12-20 16:12:23.024][info ][command:null][tid:14][org.pf4j.AbstractPluginManager] Plugin 'com.facebook.buck.features.ocaml@0.0.1' resolved
[2018-12-20 16:12:23.024][info ][command:null][tid:14][org.pf4j.AbstractPluginManager] Plugin 'com.facebook.buck.features.d@0.0.1' resolved
[2018-12-20 16:12:23.024][info ][command:null][tid:14][org.pf4j.AbstractPluginManager] Plugin 'com.facebook.buck.features.halide@0.0.1' resolved
[2018-12-20 16:12:23.025][info ][command:null][tid:14][org.pf4j.AbstractPluginManager] Plugin 'com.facebook.buck.features.js@0.0.1' resolved
[2018-12-20 16:12:23.025][info ][command:null][tid:14][org.pf4j.AbstractPluginManager] Plugin 'com.facebook.buck.features.apple.project@0.0.1' resolved
[2018-12-20 16:12:23.025][info ][command:null][tid:14][org.pf4j.AbstractPluginManager] Plugin 'com.facebook.buck.features.filegroup@0.0.1' resolved
[2018-12-20 16:12:23.025][info ][command:null][tid:14][org.pf4j.AbstractPluginManager] Plugin 'com.facebook.buck.features.gwt@0.0.1' resolved
[2018-12-20 16:12:23.025][info ][command:null][tid:14][org.pf4j.AbstractPluginManager] Plugin 'com.facebook.buck.features.project.intellij@0.0.1' resolved
[2018-12-20 16:12:23.026][info ][command:null][tid:14][org.pf4j.AbstractPluginManager] Start plugin 'com.facebook.buck.features.go@0.0.1'
[2018-12-20 16:12:23.026][debug][command:null][tid:14][org.pf4j.DefaultExtensionFactory] Create instance for plugin 'com.facebook.buck.features.go.GoModuleAdapterPlugin'
[2018-12-20 16:12:23.029][info ][command:null][tid:14][org.pf4j.AbstractPluginManager] Start plugin 'com.facebook.buck.features.python@0.0.1'
[2018-12-20 16:12:23.029][debug][command:null][tid:14][org.pf4j.DefaultExtensionFactory] Create instance for plugin 'com.facebook.buck.features.python.PythonModuleAdapterPlugin'
[2018-12-20 16:12:23.031][info ][command:null][tid:14][org.pf4j.AbstractPluginManager] Start plugin 'com.facebook.buck.features.lua@0.0.1'
[2018-12-20 16:12:23.031][debug][command:null][tid:14][org.pf4j.DefaultExtensionFactory] Create instance for plugin 'com.facebook.buck.features.lua.LuaModuleAdapterPlugin'
[2018-12-20 16:12:23.032][info ][command:null][tid:14][org.pf4j.AbstractPluginManager] Start plugin 'com.facebook.buck.features.rust@0.0.1'
[2018-12-20 16:12:23.033][debug][command:null][tid:14][org.pf4j.DefaultExtensionFactory] Create instance for plugin 'com.facebook.buck.features.rust.RustModuleAdapterPlugin'
[2018-12-20 16:12:23.034][info ][command:null][tid:14][org.pf4j.AbstractPluginManager] Start plugin 'com.facebook.buck.features.filebundler@0.0.1'
[2018-12-20 16:12:23.034][debug][command:null][tid:14][org.pf4j.DefaultExtensionFactory] Create instance for plugin 'com.facebook.buck.features.filebundler.FileBundlerModuleAdapterPlugin'
[2018-12-20 16:12:23.035][info ][command:null][tid:14][org.pf4j.AbstractPluginManager] Start plugin 'com.facebook.buck.features.zip.rules@0.0.1'
[2018-12-20 16:12:23.036][debug][command:null][tid:14][org.pf4j.DefaultExtensionFactory] Create instance for plugin 'com.facebook.buck.features.zip.rules.ZipRulesModuleAdapterPlugin'
[2018-12-20 16:12:23.037][info ][command:null][tid:14][org.pf4j.AbstractPluginManager] Start plugin 'com.facebook.buck.features.dotnet@0.0.1'
[2018-12-20 16:12:23.037][debug][command:null][tid:14][org.pf4j.DefaultExtensionFactory] Create instance for plugin 'com.facebook.buck.features.dotnet.DotnetModuleAdapterPlugin'
[2018-12-20 16:12:23.038][info ][command:null][tid:14][org.pf4j.AbstractPluginManager] Start plugin 'com.facebook.buck.features.haskell@0.0.1'
[2018-12-20 16:12:23.038][debug][command:null][tid:14][org.pf4j.DefaultExtensionFactory] Create instance for plugin 'com.facebook.buck.features.haskell.HaskellModuleAdapterPlugin'
[2018-12-20 16:12:23.039][info ][command:null][tid:14][org.pf4j.AbstractPluginManager] Start plugin 'com.facebook.buck.features.ocaml@0.0.1'
[2018-12-20 16:12:23.039][debug][command:null][tid:14][org.pf4j.DefaultExtensionFactory] Create instance for plugin 'com.facebook.buck.features.ocaml.OcamlModuleAdapterPlugin'
[2018-12-20 16:12:23.040][info ][command:null][tid:14][org.pf4j.AbstractPluginManager] Start plugin 'com.facebook.buck.features.d@0.0.1'
[2018-12-20 16:12:23.040][debug][command:null][tid:14][org.pf4j.DefaultExtensionFactory] Create instance for plugin 'com.facebook.buck.features.d.DModuleAdapterPlugin'
[2018-12-20 16:12:23.042][info ][command:null][tid:14][org.pf4j.AbstractPluginManager] Start plugin 'com.facebook.buck.features.halide@0.0.1'
[2018-12-20 16:12:23.042][debug][command:null][tid:14][org.pf4j.DefaultExtensionFactory] Create instance for plugin 'com.facebook.buck.features.halide.HalideModuleAdapterPlugin'
[2018-12-20 16:12:23.043][info ][command:null][tid:14][org.pf4j.AbstractPluginManager] Start plugin 'com.facebook.buck.features.js@0.0.1'
[2018-12-20 16:12:23.043][debug][command:null][tid:14][org.pf4j.DefaultExtensionFactory] Create instance for plugin 'com.facebook.buck.features.js.JsModuleAdapterPlugin'
[2018-12-20 16:12:23.044][info ][command:null][tid:14][org.pf4j.AbstractPluginManager] Start plugin 'com.facebook.buck.features.apple.project@0.0.1'
[2018-12-20 16:12:23.044][debug][command:null][tid:14][org.pf4j.DefaultExtensionFactory] Create instance for plugin 'com.facebook.buck.features.apple.project.XCodeBuckModuleAdapterPlugin'
[2018-12-20 16:12:23.045][info ][command:null][tid:14][org.pf4j.AbstractPluginManager] Start plugin 'com.facebook.buck.features.filegroup@0.0.1'
[2018-12-20 16:12:23.045][debug][command:null][tid:14][org.pf4j.DefaultExtensionFactory] Create instance for plugin 'com.facebook.buck.features.filegroup.FilegroupModuleAdapterPlugin'
[2018-12-20 16:12:23.046][info ][command:null][tid:14][org.pf4j.AbstractPluginManager] Start plugin 'com.facebook.buck.features.gwt@0.0.1'
[2018-12-20 16:12:23.046][debug][command:null][tid:14][org.pf4j.DefaultExtensionFactory] Create instance for plugin 'com.facebook.buck.features.gwt.GwtBuckModuleAdapterPlugin'
[2018-12-20 16:12:23.047][info ][command:null][tid:14][org.pf4j.AbstractPluginManager] Start plugin 'com.facebook.buck.features.project.intellij@0.0.1'
[2018-12-20 16:12:23.048][debug][command:null][tid:14][org.pf4j.DefaultExtensionFactory] Create instance for plugin 'com.facebook.buck.features.project.intellij.IjBuckModuleAdapterPlugin'
[2018-12-20 16:12:23.213][debug][command:null][tid:14][com.facebook.buck.cli.Main] Rotating log.
[2018-12-20 16:12:23.224][debug][command:null][tid:14][com.facebook.buck.cli.Main] Starting up (build date 2018-10-27 18:20:17 +1100, rev HEAD-fdbf043), args: [build, :Box2D]
[2018-12-20 16:12:23.228][debug][command:null][tid:14][com.facebook.buck.cli.Main] System properties: {java.vendor=Oracle Corporation, sun.java.launcher=SUN_STANDARD, sun.management.compiler=HotSpot 64-Bit Tiered Compilers, jnidispatch.path=/home/emendoza/CppProjects/Buck/buckaroo-deps/Box2D/.buckd/tmp/buck_run.G_fvMr/jna-880059331/jna4892052689776448918.tmp, os.name=Linux, sun.boot.class.path=/usr/lib/jvm/java-8-oracle/jre/lib/resources.jar:/usr/lib/jvm/java-8-oracle/jre/lib/rt.jar:/usr/lib/jvm/java-8-oracle/jre/lib/sunrsasign.jar:/usr/lib/jvm/java-8-oracle/jre/lib/jsse.jar:/usr/lib/jvm/java-8-oracle/jre/lib/jce.jar:/usr/lib/jvm/java-8-oracle/jre/lib/charsets.jar:/usr/lib/jvm/java-8-oracle/jre/lib/jfr.jar:/usr/lib/jvm/java-8-oracle/jre/classes, buck.module.resources=/home/emendoza/CppProjects/Buck/buckaroo-deps/Box2D/.buckd/resources/HEAD-fdbf043/buck-modules-resources, pf4j.pluginsDir=/home/emendoza/CppProjects/Buck/buckaroo-deps/Box2D/.buckd/resources/HEAD-fdbf043/buck-modules, buck.resource_lock_path=/home/emendoza/CppProjects/Buck/buckaroo-deps/Box2D/.buckd/resources/HEAD-fdbf043/.buck_lock, sun.desktop=gnome, buck.path_to_isolated_trampoline=/home/emendoza/CppProjects/Buck/buckaroo-deps/Box2D/.buckd/resources/HEAD-fdbf043/path_to_isolated_trampoline, java.vm.specification.vendor=Oracle Corporation, java.runtime.version=1.8.0_191-b12, jna.loaded=true, buck.testrunner_classes=/home/emendoza/CppProjects/Buck/buckaroo-deps/Box2D/.buckd/resources/HEAD-fdbf043/testrunner_classes, buck.logging_config_file=/home/emendoza/CppProjects/Buck/buckaroo-deps/Box2D/.buckd/resources/HEAD-fdbf043/logging_config_file, buck.path_to_sh_binary_template=/home/emendoza/CppProjects/Buck/buckaroo-deps/Box2D/.buckd/resources/HEAD-fdbf043/path_to_sh_binary_template, user.name=emendoza, com.facebook.nailgun.NGServer.outputPath=/home/emendoza/CppProjects/Buck/buckaroo-deps/Box2D/.buckd/tmp/buck_run.G_fvMr/ngserver-out, buck.path_to_pywatchman=/home/emendoza/CppProjects/Buck/buckaroo-deps/Box2D/.buckd/resources/HEAD-fdbf043/path_to_pywatchman, buck.report_generator_jar=/home/emendoza/CppProjects/Buck/buckaroo-deps/Box2D/.buckd/resources/HEAD-fdbf043/report_generator_jar, buck.git_commit=HEAD-fdbf043, user.language=en, sun.boot.library.path=/usr/lib/jvm/java-8-oracle/jre/lib/amd64, jna.nosys=true, java.version=1.8.0_191, user.timezone=Australia/Sydney, buck.test_util_no_tests_dir=true, sun.arch.data.model=64, java.endorsed.dirs=/usr/lib/jvm/java-8-oracle/jre/lib/endorsed, sun.cpu.isalist=, sun.jnu.encoding=UTF-8, file.encoding.pkg=sun.io, file.separator=/, java.specification.name=Java Platform API Specification, buck.jacoco_agent_jar=/home/emendoza/CppProjects/Buck/buckaroo-deps/Box2D/.buckd/resources/HEAD-fdbf043/jacoco_agent_jar, java.class.version=52.0, user.country=US, buck.binary_hash=ab6807ddaa3ff6c8a9988ebf69c680ae, java.home=/usr/lib/jvm/java-8-oracle/jre, buck.fix_script=/home/emendoza/CppProjects/Buck/buckaroo-deps/Box2D/.buckd/resources/HEAD-fdbf043/fix_script, java.vm.info=mixed mode, os.version=4.15.0-42-generic, buck.version_uid=HEAD-fdbf043, org.eclipse.jetty.util.log.class=org.eclipse.jetty.util.log.JavaUtilLog, path.separator=:, java.vm.version=25.191-b12, java.awt.printerjob=sun.print.PSPrinterJob, sun.io.unicode.encoding=UnicodeLittle, awt.toolkit=sun.awt.X11.XToolkit, buck.mode=package, buck.buck_build_type_info=/home/emendoza/CppProjects/Buck/buckaroo-deps/Box2D/.buckd/resources/HEAD-fdbf043/buck_build_type_info, buck.dx=/home/emendoza/CppProjects/Buck/buckaroo-deps/Box2D/.buckd/resources/HEAD-fdbf043/dx, buck.git_commit_timestamp=1540624817, user.home=/home/emendoza, java.specification.vendor=Oracle Corporation, buck.git_dirty=0, java.library.path=/usr/java/packages/lib/amd64:/usr/lib64:/lib64:/lib:/usr/lib, java.vendor.url=http://java.oracle.com/, java.vm.vendor=Oracle Corporation, java.runtime.name=Java(TM) SE Runtime Environment, sun.java.command=com.facebook.buck.cli.bootstrapper.ClassLoaderBootstrapper com.facebook.buck.cli.Main$DaemonBootstrap local:.buckd/sock 180000, java.class.path=/home/emendoza/CppProjects/Buck/buckaroo-deps/Box2D/.buckd/resources/HEAD-fdbf043/bootstrapper_jar, buck.buckd_dir=/home/emendoza/CppProjects/Buck/buckaroo-deps/Box2D/.buckd, buck.path_to_pathlib_py=/home/emendoza/CppProjects/Buck/buckaroo-deps/Box2D/.buckd/resources/HEAD-fdbf043/pathlib.py, buck.buckd_launch_time_nanos=4157436524060, java.vm.specification.name=Java Virtual Machine Specification, java.vm.specification.version=1.8, sun.cpu.endian=little, sun.os.patch.level=unknown, java.awt.headless=true, java.io.tmpdir=/home/emendoza/CppProjects/Buck/buckaroo-deps/Box2D/.buckd/tmp/buck_run.G_fvMr, buck.android_agent_path=/home/emendoza/CppProjects/Buck/buckaroo-deps/Box2D/.buckd/resources/HEAD-fdbf043/android_agent_path, java.vendor.url.bug=http://bugreport.sun.com/bugreport/, buck.path_to_python_dsl=, jna.platform.library.path=/usr/lib/x86_64-linux-gnu:/lib/x86_64-linux-gnu:/lib64:/usr/lib:/lib:/usr/lib/x86_64-linux-gnu/libfakeroot, os.arch=amd64, java.awt.graphicsenv=sun.awt.X11GraphicsEnvironment, java.ext.dirs=/usr/lib/jvm/java-8-oracle/jre/lib/ext:/usr/java/packages/lib/ext, java.util.logging.config.class=com.facebook.buck.cli.bootstrapper.LogConfig, buck.path_to_six_py=/home/emendoza/CppProjects/Buck/buckaroo-deps/Box2D/.buckd/resources/HEAD-fdbf043/six.py, user.dir=/home/emendoza/CppProjects/Buck/buckaroo-deps/Box2D, java.nio.file.spi.DefaultFileSystemProvider=com.facebook.buck.cli.bootstrapper.filesystem.BuckFileSystemProvider, line.separator=
, java.vm.name=Java HotSpot(TM) 64-Bit Server VM, buck.path_to_typing=/home/emendoza/CppProjects/Buck/buckaroo-deps/Box2D/.buckd/resources/HEAD-fdbf043/path_to_typing, buck.native_exopackage_fake_path=/home/emendoza/CppProjects/Buck/buckaroo-deps/Box2D/.buckd/resources/HEAD-fdbf043/native_exopackage_fake_path, file.encoding=UTF-8, java.specification.version=1.8}
[2018-12-20 16:12:23.274][debug][command:null][tid:14][com.facebook.buck.util.config.Configs] Loading configuration for /home/emendoza/CppProjects/Buck/buckaroo-deps/Box2D
[2018-12-20 16:12:23.276][debug][command:null][tid:14][com.facebook.buck.util.config.Configs] Loaded project configuration file /home/emendoza/CppProjects/Buck/buckaroo-deps/Box2D/.buckconfig
[2018-12-20 16:12:23.276][debug][command:null][tid:14][com.facebook.buck.util.config.Configs] Adding configuration overrides RawConfig{values={}}
[2018-12-20 16:12:23.423][info ][command:null][tid:14][com.facebook.buck.io.watchman.WatchmanFactory] Creating for: [/home/emendoza/CppProjects/Buck/buckaroo-deps/Box2D]
[2018-12-20 16:12:23.488][debug][command:null][tid:14][com.facebook.buck.io.ExecutableFinder] Executable 'watchman' mapped to 'Optional[/usr/local/bin/watchman]'
[2018-12-20 16:12:23.495][debug][command:null][tid:14][com.facebook.buck.util.ListeningProcessExecutor] Launching process with params ProcessExecutorParams{command=[/usr/local/bin/watchman, --output-encoding=bser, get-sockname]}
[2018-12-20 16:12:23.703][debug][command:null][tid:14][com.facebook.buck.util.ListeningProcessExecutor] Successfully launched process com.zaxxer.nuprocess.linux.LinuxProcess@d79d895
[2018-12-20 16:12:23.703][debug][command:null][tid:14][com.facebook.buck.util.ListeningProcessExecutor] Waiting for process com.facebook.buck.util.ListeningProcessExecutor$LaunchedProcessImpl@c2e843a timeout 1000000000 NANOSECONDS
[2018-12-20 16:12:24.704][debug][command:null][tid:14][com.facebook.buck.util.ListeningProcessExecutor] Wait for process returned -2147483648
[2018-12-20 16:12:24.705][debug][command:null][tid:14][com.facebook.buck.util.ListeningProcessExecutor] Waiting for process com.facebook.buck.util.ListeningProcessExecutor$LaunchedProcessImpl@c2e843a timeout 43998566305 NANOSECONDS
[2018-12-20 16:12:25.079][debug][command:null][tid:14][com.facebook.buck.util.ListeningProcessExecutor] Wait for process returned 0
[2018-12-20 16:12:25.082][debug][command:null][tid:14][com.facebook.buck.io.watchman.WatchmanFactory] Waited 1376 ms for Watchman command get-sockname, exit code 0
[2018-12-20 16:12:25.131][debug][command:null][tid:14][com.facebook.buck.io.watchman.WatchmanFactory] stdout of command: {sockname=/usr/local/var/run/watchman/emendoza-state/sock, version=4.9.0}
[2018-12-20 16:12:25.131][info ][command:null][tid:14][com.facebook.buck.io.watchman.WatchmanFactory] Connecting to Watchman version 4.9.0 at /usr/local/var/run/watchman/emendoza-state/sock
[2018-12-20 16:12:25.683][debug][command:null][tid:14][com.facebook.buck.io.watchman.WatchmanTransportClient] Query [version, {required=[cmd-watch-project], optional=[term-dirname, cmd-watch-project, wildmatch, wildmatch_multislash, glob_generator, clock-sync-timeout]}] returned in 528 ms
[2018-12-20 16:12:25.684][info ][command:null][tid:14][com.facebook.buck.io.watchman.WatchmanFactory] Took 532 ms to query capabilities {term-dirname=DIRNAME, cmd-watch-project=SUPPORTS_PROJECT_WATCH, wildmatch=WILDMATCH_GLOB, wildmatch_multislash=WILDMATCH_MULTISLASH, glob_generator=GLOB_GENERATOR, clock-sync-timeout=CLOCK_SYNC_TIMEOUT}
[2018-12-20 16:12:25.684][debug][command:null][tid:14][com.facebook.buck.io.watchman.WatchmanFactory] Got capabilities response: {clock-sync-timeout=true, glob_generator=true, wildmatch_multislash=false, wildmatch=true, cmd-watch-project=true, term-dirname=true}
[2018-12-20 16:12:25.685][debug][command:null][tid:14][com.facebook.buck.io.watchman.WatchmanFactory] Got Watchman capabilities: [CLOCK_SYNC_TIMEOUT, GLOB_GENERATOR, WILDMATCH_GLOB, SUPPORTS_PROJECT_WATCH, DIRNAME]
[2018-12-20 16:12:25.687][info ][command:null][tid:14][com.facebook.buck.io.watchman.WatchmanFactory] Adding watchman root: /home/emendoza/CppProjects/Buck/buckaroo-deps/Box2D
[2018-12-20 16:12:25.700][debug][command:null][tid:14][com.facebook.buck.io.watchman.WatchmanTransportClient] Query [watch-project, /home/emendoza/CppProjects/Buck/buckaroo-deps/Box2D] returned in 11 ms
[2018-12-20 16:12:25.701][debug][command:null][tid:14][com.facebook.buck.io.watchman.WatchmanTransportClient] Query [watch-project, /home/emendoza/CppProjects/Buck/buckaroo-deps/Box2D] returned in 0 ms
[2018-12-20 16:12:25.702][info ][command:null][tid:14][com.facebook.buck.io.watchman.WatchmanFactory] Took 13 ms to add root /home/emendoza/CppProjects/Buck/buckaroo-deps/Box2D
[2018-12-20 16:12:25.708][debug][command:null][tid:14][com.facebook.buck.io.watchman.WatchmanTransportClient] Query [clock, /home/emendoza/CppProjects/Buck/buckaroo-deps/Box2D, {sync_timeout=100}] returned in 1 ms
[2018-12-20 16:12:25.708][info ][command:null][tid:14][com.facebook.buck.io.watchman.WatchmanFactory] Took 2 ms to query for initial clock id Optional[c:1545282744:6634:5:5]
[2018-12-20 16:12:25.709][debug][command:null][tid:14][com.facebook.buck.io.watchman.WatchmanFactory] Connected to Watchman
[2018-12-20 16:12:25.710][debug][command:null][tid:14][com.facebook.buck.io.watchman.WatchmanTransportClient] Closing Watchman transport.
[2018-12-20 16:12:25.718][debug][command:null][tid:14][com.facebook.buck.cli.Main] Watchman capabilities: [CLOCK_SYNC_TIMEOUT, GLOB_GENERATOR, WILDMATCH_GLOB, SUPPORTS_PROJECT_WATCH, DIRNAME] Project watches: {/home/emendoza/CppProjects/Buck/buckaroo-deps/Box2D=ProjectWatch{watchRoot=/home/emendoza/CppProjects/Buck/buckaroo-deps/Box2D}} Glob handler config: PYTHON Query timeout ms config: Optional.empty
[2018-12-20 16:12:25.759][warn ][command:null][tid:14][com.facebook.buck.core.plugin.impl.DefaultBuckPluginManager] Time to load instances of interface com.facebook.buck.core.rules.config.ConfigurationRuleDescriptionProvider: 38
[2018-12-20 16:12:25.822][warn ][command:null][tid:14][com.facebook.buck.core.plugin.impl.DefaultBuckPluginManager] Time to load instances of interface com.facebook.buck.core.toolchain.ToolchainSupplier: 44
[2018-12-20 16:12:25.880][warn ][command:null][tid:14][com.facebook.buck.core.plugin.impl.DefaultBuckPluginManager] Time to load instances of interface com.facebook.buck.event.listener.devspeed.DevspeedTelemetryPlugin: 1
[2018-12-20 16:12:25.881][debug][command:null][tid:14][com.facebook.buck.cli.DaemonLifecycleManager] Starting up daemon for project root [/home/emendoza/CppProjects/Buck/buckaroo-deps/Box2D]
[2018-12-20 16:12:26.656][warn ][command:null][tid:14][com.facebook.buck.cli.Daemon] Can't start web server
[2018-12-20 16:12:26.658][debug][command:null][tid:14][com.facebook.buck.cli.Daemon] Using Watchman Cursor: {/home/emendoza/CppProjects/Buck/buckaroo-deps/Box2D=c:1545282744:6634:5:5}
